{"/home/francesco/repos/frontend_idsa/idsa_frontend/src/adminServices/MedicoService.jsx": {"path":"/home/francesco/repos/frontend_idsa/idsa_frontend/src/adminServices/MedicoService.jsx","statementMap":{"0":{"start":{"line":3,"column":26},"end":{"line":3,"column":60}},"1":{"start":{"line":6,"column":26},"end":{"line":6,"column":60}},"2":{"start":{"line":6,"column":32},"end":{"line":6,"column":60}},"3":{"start":{"line":8,"column":28},"end":{"line":8,"column":77}},"4":{"start":{"line":8,"column":40},"end":{"line":8,"column":77}},"5":{"start":{"line":10,"column":25},"end":{"line":10,"column":86}},"6":{"start":{"line":10,"column":40},"end":{"line":10,"column":86}},"7":{"start":{"line":12,"column":28},"end":{"line":12,"column":105}},"8":{"start":{"line":12,"column":51},"end":{"line":12,"column":105}},"9":{"start":{"line":14,"column":28},"end":{"line":14,"column":92}},"10":{"start":{"line":14,"column":43},"end":{"line":14,"column":92}},"11":{"start":{"line":16,"column":29},"end":{"line":16,"column":88}},"12":{"start":{"line":16,"column":40},"end":{"line":16,"column":88}}},"fnMap":{"0":{"name":"(anonymous_0)","decl":{"start":{"line":6,"column":26},"end":{"line":6,"column":27}},"loc":{"start":{"line":6,"column":32},"end":{"line":6,"column":60}},"line":6},"1":{"name":"(anonymous_1)","decl":{"start":{"line":8,"column":28},"end":{"line":8,"column":29}},"loc":{"start":{"line":8,"column":40},"end":{"line":8,"column":77}},"line":8},"2":{"name":"(anonymous_2)","decl":{"start":{"line":10,"column":25},"end":{"line":10,"column":26}},"loc":{"start":{"line":10,"column":40},"end":{"line":10,"column":86}},"line":10},"3":{"name":"(anonymous_3)","decl":{"start":{"line":12,"column":28},"end":{"line":12,"column":29}},"loc":{"start":{"line":12,"column":51},"end":{"line":12,"column":105}},"line":12},"4":{"name":"(anonymous_4)","decl":{"start":{"line":14,"column":28},"end":{"line":14,"column":29}},"loc":{"start":{"line":14,"column":43},"end":{"line":14,"column":92}},"line":14},"5":{"name":"(anonymous_5)","decl":{"start":{"line":16,"column":29},"end":{"line":16,"column":30}},"loc":{"start":{"line":16,"column":40},"end":{"line":16,"column":88}},"line":16}},"branchMap":{},"s":{"0":4,"1":4,"2":0,"3":4,"4":0,"5":4,"6":0,"7":4,"8":0,"9":4,"10":0,"11":4,"12":0},"f":{"0":0,"1":0,"2":0,"3":0,"4":0,"5":0},"b":{},"_coverageSchema":"1a1c01bbd47fc00a2c39e90264f33305004495a9","hash":"8dba8ed57d2509fabdffc7d181815a11d6224d86"}
,"/home/francesco/repos/frontend_idsa/idsa_frontend/src/adminServices/PazienteService.jsx": {"path":"/home/francesco/repos/frontend_idsa/idsa_frontend/src/adminServices/PazienteService.jsx","statementMap":{"0":{"start":{"line":3,"column":26},"end":{"line":3,"column":62}},"1":{"start":{"line":5,"column":28},"end":{"line":5,"column":62}},"2":{"start":{"line":5,"column":34},"end":{"line":5,"column":62}},"3":{"start":{"line":7,"column":30},"end":{"line":7,"column":89}},"4":{"start":{"line":7,"column":47},"end":{"line":7,"column":89}},"5":{"start":{"line":9,"column":27},"end":{"line":9,"column":92}},"6":{"start":{"line":9,"column":44},"end":{"line":9,"column":92}},"7":{"start":{"line":11,"column":30},"end":{"line":11,"column":115}},"8":{"start":{"line":11,"column":57},"end":{"line":11,"column":115}},"9":{"start":{"line":13,"column":30},"end":{"line":13,"column":98}},"10":{"start":{"line":13,"column":47},"end":{"line":13,"column":98}},"11":{"start":{"line":15,"column":31},"end":{"line":15,"column":90}},"12":{"start":{"line":15,"column":42},"end":{"line":15,"column":90}}},"fnMap":{"0":{"name":"(anonymous_0)","decl":{"start":{"line":5,"column":28},"end":{"line":5,"column":29}},"loc":{"start":{"line":5,"column":34},"end":{"line":5,"column":62}},"line":5},"1":{"name":"(anonymous_1)","decl":{"start":{"line":7,"column":30},"end":{"line":7,"column":31}},"loc":{"start":{"line":7,"column":47},"end":{"line":7,"column":89}},"line":7},"2":{"name":"(anonymous_2)","decl":{"start":{"line":9,"column":27},"end":{"line":9,"column":28}},"loc":{"start":{"line":9,"column":44},"end":{"line":9,"column":92}},"line":9},"3":{"name":"(anonymous_3)","decl":{"start":{"line":11,"column":30},"end":{"line":11,"column":31}},"loc":{"start":{"line":11,"column":57},"end":{"line":11,"column":115}},"line":11},"4":{"name":"(anonymous_4)","decl":{"start":{"line":13,"column":30},"end":{"line":13,"column":31}},"loc":{"start":{"line":13,"column":47},"end":{"line":13,"column":98}},"line":13},"5":{"name":"(anonymous_5)","decl":{"start":{"line":15,"column":31},"end":{"line":15,"column":32}},"loc":{"start":{"line":15,"column":42},"end":{"line":15,"column":90}},"line":15}},"branchMap":{},"s":{"0":3,"1":3,"2":0,"3":3,"4":0,"5":3,"6":0,"7":3,"8":0,"9":3,"10":0,"11":3,"12":0},"f":{"0":0,"1":0,"2":0,"3":0,"4":0,"5":0},"b":{},"_coverageSchema":"1a1c01bbd47fc00a2c39e90264f33305004495a9","hash":"a6f03912fe5f76c970856c86671a8ce9fb31c4c7"}
,"/home/francesco/repos/frontend_idsa/idsa_frontend/src/components/admin/ListMedicoComponent.jsx": {"path":"/home/francesco/repos/frontend_idsa/idsa_frontend/src/components/admin/ListMedicoComponent.jsx","statementMap":{"0":{"start":{"line":9,"column":28},"end":{"line":88,"column":1}},"1":{"start":{"line":11,"column":32},"end":{"line":11,"column":44}},"2":{"start":{"line":13,"column":22},"end":{"line":13,"column":35}},"3":{"start":{"line":15,"column":4},"end":{"line":17,"column":22}},"4":{"start":{"line":16,"column":8},"end":{"line":16,"column":23}},"5":{"start":{"line":20,"column":8},"end":{"line":24,"column":10}},"6":{"start":{"line":21,"column":12},"end":{"line":21,"column":37}},"7":{"start":{"line":23,"column":12},"end":{"line":23,"column":33}},"8":{"start":{"line":28,"column":8},"end":{"line":28,"column":32}},"9":{"start":{"line":32,"column":8},"end":{"line":32,"column":46}},"10":{"start":{"line":36,"column":8},"end":{"line":36,"column":35}},"11":{"start":{"line":40,"column":8},"end":{"line":40,"column":31}},"12":{"start":{"line":41,"column":8},"end":{"line":45,"column":10}},"13":{"start":{"line":42,"column":12},"end":{"line":42,"column":27}},"14":{"start":{"line":44,"column":12},"end":{"line":44,"column":33}},"15":{"start":{"line":48,"column":4},"end":{"line":87,"column":5}},"16":{"start":{"line":69,"column":28},"end":{"line":81,"column":33}},"17":{"start":{"line":78,"column":84},"end":{"line":78,"column":114}},"18":{"start":{"line":79,"column":86},"end":{"line":79,"column":116}}},"fnMap":{"0":{"name":"(anonymous_0)","decl":{"start":{"line":9,"column":28},"end":{"line":9,"column":29}},"loc":{"start":{"line":9,"column":34},"end":{"line":88,"column":1}},"line":9},"1":{"name":"(anonymous_1)","decl":{"start":{"line":15,"column":14},"end":{"line":15,"column":15}},"loc":{"start":{"line":15,"column":20},"end":{"line":17,"column":5}},"line":15},"2":{"name":"getAllMedici","decl":{"start":{"line":19,"column":13},"end":{"line":19,"column":25}},"loc":{"start":{"line":19,"column":27},"end":{"line":25,"column":5}},"line":19},"3":{"name":"(anonymous_3)","decl":{"start":{"line":20,"column":26},"end":{"line":20,"column":27}},"loc":{"start":{"line":20,"column":40},"end":{"line":22,"column":9}},"line":20},"4":{"name":"(anonymous_4)","decl":{"start":{"line":22,"column":17},"end":{"line":22,"column":18}},"loc":{"start":{"line":22,"column":26},"end":{"line":24,"column":9}},"line":22},"5":{"name":"addNewMedico","decl":{"start":{"line":27,"column":13},"end":{"line":27,"column":25}},"loc":{"start":{"line":27,"column":27},"end":{"line":29,"column":5}},"line":27},"6":{"name":"updateMedico","decl":{"start":{"line":31,"column":13},"end":{"line":31,"column":25}},"loc":{"start":{"line":31,"column":36},"end":{"line":33,"column":5}},"line":31},"7":{"name":"back2Menu","decl":{"start":{"line":35,"column":13},"end":{"line":35,"column":22}},"loc":{"start":{"line":35,"column":24},"end":{"line":37,"column":5}},"line":35},"8":{"name":"removeMedico","decl":{"start":{"line":39,"column":13},"end":{"line":39,"column":25}},"loc":{"start":{"line":39,"column":36},"end":{"line":46,"column":5}},"line":39},"9":{"name":"(anonymous_9)","decl":{"start":{"line":41,"column":37},"end":{"line":41,"column":38}},"loc":{"start":{"line":41,"column":51},"end":{"line":43,"column":9}},"line":41},"10":{"name":"(anonymous_10)","decl":{"start":{"line":43,"column":17},"end":{"line":43,"column":18}},"loc":{"start":{"line":43,"column":26},"end":{"line":45,"column":9}},"line":43},"11":{"name":"(anonymous_11)","decl":{"start":{"line":68,"column":35},"end":{"line":68,"column":36}},"loc":{"start":{"line":69,"column":28},"end":{"line":81,"column":33}},"line":69},"12":{"name":"(anonymous_12)","decl":{"start":{"line":78,"column":78},"end":{"line":78,"column":79}},"loc":{"start":{"line":78,"column":84},"end":{"line":78,"column":114}},"line":78},"13":{"name":"(anonymous_13)","decl":{"start":{"line":79,"column":80},"end":{"line":79,"column":81}},"loc":{"start":{"line":79,"column":86},"end":{"line":79,"column":116}},"line":79}},"branchMap":{},"s":{"0":1,"1":12,"2":11,"3":11,"4":8,"5":8,"6":8,"7":0,"8":0,"9":0,"10":0,"11":0,"12":0,"13":0,"14":0,"15":11,"16":18,"17":0,"18":0},"f":{"0":12,"1":8,"2":8,"3":8,"4":0,"5":0,"6":0,"7":0,"8":0,"9":0,"10":0,"11":18,"12":0,"13":0},"b":{},"_coverageSchema":"1a1c01bbd47fc00a2c39e90264f33305004495a9","hash":"46e29e7aa032f3ca613130a062e32bc6f515cc1d"}
,"/home/francesco/repos/frontend_idsa/idsa_frontend/src/components/admin/ListPazienteComponent.jsx": {"path":"/home/francesco/repos/frontend_idsa/idsa_frontend/src/components/admin/ListPazienteComponent.jsx","statementMap":{"0":{"start":{"line":7,"column":30},"end":{"line":87,"column":1}},"1":{"start":{"line":9,"column":36},"end":{"line":9,"column":48}},"2":{"start":{"line":11,"column":22},"end":{"line":11,"column":35}},"3":{"start":{"line":13,"column":4},"end":{"line":15,"column":10}},"4":{"start":{"line":14,"column":8},"end":{"line":14,"column":25}},"5":{"start":{"line":18,"column":8},"end":{"line":22,"column":10}},"6":{"start":{"line":19,"column":12},"end":{"line":19,"column":39}},"7":{"start":{"line":21,"column":12},"end":{"line":21,"column":33}},"8":{"start":{"line":26,"column":8},"end":{"line":26,"column":40}},"9":{"start":{"line":30,"column":8},"end":{"line":30,"column":56}},"10":{"start":{"line":34,"column":8},"end":{"line":34,"column":60}},"11":{"start":{"line":38,"column":8},"end":{"line":38,"column":35}},"12":{"start":{"line":42,"column":8},"end":{"line":42,"column":33}},"13":{"start":{"line":43,"column":8},"end":{"line":47,"column":10}},"14":{"start":{"line":44,"column":12},"end":{"line":44,"column":29}},"15":{"start":{"line":46,"column":12},"end":{"line":46,"column":33}},"16":{"start":{"line":50,"column":4},"end":{"line":86,"column":5}},"17":{"start":{"line":68,"column":28},"end":{"line":79,"column":33}},"18":{"start":{"line":75,"column":84},"end":{"line":75,"column":118}},"19":{"start":{"line":76,"column":86},"end":{"line":76,"column":120}},"20":{"start":{"line":77,"column":87},"end":{"line":77,"column":125}}},"fnMap":{"0":{"name":"(anonymous_0)","decl":{"start":{"line":7,"column":30},"end":{"line":7,"column":31}},"loc":{"start":{"line":7,"column":36},"end":{"line":87,"column":1}},"line":7},"1":{"name":"(anonymous_1)","decl":{"start":{"line":13,"column":14},"end":{"line":13,"column":15}},"loc":{"start":{"line":13,"column":20},"end":{"line":15,"column":5}},"line":13},"2":{"name":"getAllPazienti","decl":{"start":{"line":17,"column":13},"end":{"line":17,"column":27}},"loc":{"start":{"line":17,"column":29},"end":{"line":23,"column":5}},"line":17},"3":{"name":"(anonymous_3)","decl":{"start":{"line":18,"column":28},"end":{"line":18,"column":29}},"loc":{"start":{"line":18,"column":42},"end":{"line":20,"column":9}},"line":18},"4":{"name":"(anonymous_4)","decl":{"start":{"line":20,"column":17},"end":{"line":20,"column":18}},"loc":{"start":{"line":20,"column":26},"end":{"line":22,"column":9}},"line":20},"5":{"name":"addNewPaziente","decl":{"start":{"line":25,"column":13},"end":{"line":25,"column":27}},"loc":{"start":{"line":25,"column":29},"end":{"line":27,"column":5}},"line":25},"6":{"name":"updatePaziente","decl":{"start":{"line":29,"column":13},"end":{"line":29,"column":27}},"loc":{"start":{"line":29,"column":40},"end":{"line":31,"column":5}},"line":29},"7":{"name":"visualizzaCartella","decl":{"start":{"line":33,"column":13},"end":{"line":33,"column":31}},"loc":{"start":{"line":33,"column":44},"end":{"line":35,"column":5}},"line":33},"8":{"name":"back2Menu","decl":{"start":{"line":37,"column":13},"end":{"line":37,"column":22}},"loc":{"start":{"line":37,"column":24},"end":{"line":39,"column":5}},"line":37},"9":{"name":"removePaziente","decl":{"start":{"line":41,"column":13},"end":{"line":41,"column":27}},"loc":{"start":{"line":41,"column":40},"end":{"line":48,"column":5}},"line":41},"10":{"name":"(anonymous_10)","decl":{"start":{"line":43,"column":41},"end":{"line":43,"column":42}},"loc":{"start":{"line":43,"column":55},"end":{"line":45,"column":9}},"line":43},"11":{"name":"(anonymous_11)","decl":{"start":{"line":45,"column":17},"end":{"line":45,"column":18}},"loc":{"start":{"line":45,"column":26},"end":{"line":47,"column":9}},"line":45},"12":{"name":"(anonymous_12)","decl":{"start":{"line":67,"column":37},"end":{"line":67,"column":38}},"loc":{"start":{"line":68,"column":28},"end":{"line":79,"column":33}},"line":68},"13":{"name":"(anonymous_13)","decl":{"start":{"line":75,"column":78},"end":{"line":75,"column":79}},"loc":{"start":{"line":75,"column":84},"end":{"line":75,"column":118}},"line":75},"14":{"name":"(anonymous_14)","decl":{"start":{"line":76,"column":80},"end":{"line":76,"column":81}},"loc":{"start":{"line":76,"column":86},"end":{"line":76,"column":120}},"line":76},"15":{"name":"(anonymous_15)","decl":{"start":{"line":77,"column":81},"end":{"line":77,"column":82}},"loc":{"start":{"line":77,"column":87},"end":{"line":77,"column":125}},"line":77}},"branchMap":{},"s":{"0":1,"1":9,"2":8,"3":8,"4":5,"5":5,"6":5,"7":0,"8":0,"9":0,"10":0,"11":0,"12":0,"13":0,"14":0,"15":0,"16":8,"17":6,"18":0,"19":0,"20":0},"f":{"0":9,"1":5,"2":5,"3":5,"4":0,"5":0,"6":0,"7":0,"8":0,"9":0,"10":0,"11":0,"12":6,"13":0,"14":0,"15":0},"b":{},"_coverageSchema":"1a1c01bbd47fc00a2c39e90264f33305004495a9","hash":"543270cd0045eaefb70f21d871469452ca336328"}
,"/home/francesco/repos/frontend_idsa/idsa_frontend/src/components/liste/AppuntamentiHr.jsx": {"path":"/home/francesco/repos/frontend_idsa/idsa_frontend/src/components/liste/AppuntamentiHr.jsx","statementMap":{"0":{"start":{"line":10,"column":23},"end":{"line":81,"column":1}},"1":{"start":{"line":12,"column":44},"end":{"line":12,"column":56}},"2":{"start":{"line":14,"column":22},"end":{"line":14,"column":35}},"3":{"start":{"line":16,"column":4},"end":{"line":18,"column":10}},"4":{"start":{"line":17,"column":8},"end":{"line":17,"column":29}},"5":{"start":{"line":21,"column":8},"end":{"line":25,"column":10}},"6":{"start":{"line":22,"column":12},"end":{"line":22,"column":43}},"7":{"start":{"line":24,"column":12},"end":{"line":24,"column":33}},"8":{"start":{"line":29,"column":8},"end":{"line":29,"column":22}},"9":{"start":{"line":33,"column":8},"end":{"line":33,"column":38}},"10":{"start":{"line":37,"column":8},"end":{"line":41,"column":10}},"11":{"start":{"line":38,"column":12},"end":{"line":38,"column":33}},"12":{"start":{"line":40,"column":12},"end":{"line":40,"column":33}},"13":{"start":{"line":44,"column":4},"end":{"line":80,"column":5}},"14":{"start":{"line":63,"column":28},"end":{"line":73,"column":33}},"15":{"start":{"line":71,"column":86},"end":{"line":71,"column":125}}},"fnMap":{"0":{"name":"(anonymous_0)","decl":{"start":{"line":10,"column":23},"end":{"line":10,"column":24}},"loc":{"start":{"line":10,"column":29},"end":{"line":81,"column":1}},"line":10},"1":{"name":"(anonymous_1)","decl":{"start":{"line":16,"column":14},"end":{"line":16,"column":15}},"loc":{"start":{"line":16,"column":20},"end":{"line":18,"column":5}},"line":16},"2":{"name":"getAllAppuntamenti","decl":{"start":{"line":20,"column":13},"end":{"line":20,"column":31}},"loc":{"start":{"line":20,"column":34},"end":{"line":26,"column":5}},"line":20},"3":{"name":"(anonymous_3)","decl":{"start":{"line":21,"column":32},"end":{"line":21,"column":33}},"loc":{"start":{"line":21,"column":46},"end":{"line":23,"column":9}},"line":21},"4":{"name":"(anonymous_4)","decl":{"start":{"line":23,"column":17},"end":{"line":23,"column":18}},"loc":{"start":{"line":23,"column":26},"end":{"line":25,"column":9}},"line":23},"5":{"name":"back2Home","decl":{"start":{"line":28,"column":13},"end":{"line":28,"column":22}},"loc":{"start":{"line":28,"column":25},"end":{"line":30,"column":5}},"line":28},"6":{"name":"addNewAppuntamento","decl":{"start":{"line":32,"column":13},"end":{"line":32,"column":31}},"loc":{"start":{"line":32,"column":33},"end":{"line":34,"column":5}},"line":32},"7":{"name":"removeAppuntamento","decl":{"start":{"line":36,"column":13},"end":{"line":36,"column":31}},"loc":{"start":{"line":36,"column":49},"end":{"line":42,"column":5}},"line":36},"8":{"name":"(anonymous_8)","decl":{"start":{"line":37,"column":49},"end":{"line":37,"column":50}},"loc":{"start":{"line":37,"column":63},"end":{"line":39,"column":9}},"line":37},"9":{"name":"(anonymous_9)","decl":{"start":{"line":39,"column":17},"end":{"line":39,"column":18}},"loc":{"start":{"line":39,"column":26},"end":{"line":41,"column":9}},"line":39},"10":{"name":"(anonymous_10)","decl":{"start":{"line":62,"column":41},"end":{"line":62,"column":42}},"loc":{"start":{"line":63,"column":28},"end":{"line":73,"column":33}},"line":63},"11":{"name":"(anonymous_11)","decl":{"start":{"line":71,"column":80},"end":{"line":71,"column":81}},"loc":{"start":{"line":71,"column":86},"end":{"line":71,"column":125}},"line":71}},"branchMap":{"0":{"loc":{"start":{"line":65,"column":37},"end":{"line":65,"column":70}},"type":"cond-expr","locations":[{"start":{"line":65,"column":59},"end":{"line":65,"column":63}},{"start":{"line":65,"column":66},"end":{"line":65,"column":70}}],"line":65}},"s":{"0":1,"1":9,"2":9,"3":9,"4":4,"5":5,"6":5,"7":0,"8":1,"9":1,"10":1,"11":1,"12":0,"13":9,"14":15,"15":1},"f":{"0":9,"1":4,"2":5,"3":5,"4":0,"5":1,"6":1,"7":1,"8":1,"9":0,"10":15,"11":1},"b":{"0":[0,15]},"_coverageSchema":"1a1c01bbd47fc00a2c39e90264f33305004495a9","hash":"a52964df9a7861a4925dc81cc90cbd9a602af2d3"}
,"/home/francesco/repos/frontend_idsa/idsa_frontend/src/components/liste/AppuntamentiMedico.jsx": {"path":"/home/francesco/repos/frontend_idsa/idsa_frontend/src/components/liste/AppuntamentiMedico.jsx","statementMap":{"0":{"start":{"line":7,"column":27},"end":{"line":94,"column":1}},"1":{"start":{"line":9,"column":50},"end":{"line":9,"column":62}},"2":{"start":{"line":11,"column":22},"end":{"line":11,"column":35}},"3":{"start":{"line":13,"column":25},"end":{"line":13,"column":36}},"4":{"start":{"line":15,"column":4},"end":{"line":17,"column":10}},"5":{"start":{"line":16,"column":8},"end":{"line":16,"column":43}},"6":{"start":{"line":20,"column":8},"end":{"line":24,"column":10}},"7":{"start":{"line":21,"column":12},"end":{"line":21,"column":49}},"8":{"start":{"line":23,"column":12},"end":{"line":23,"column":33}},"9":{"start":{"line":28,"column":8},"end":{"line":28,"column":45}},"10":{"start":{"line":32,"column":8},"end":{"line":40,"column":10}},"11":{"start":{"line":33,"column":12},"end":{"line":37,"column":13}},"12":{"start":{"line":34,"column":16},"end":{"line":34,"column":65}},"13":{"start":{"line":36,"column":16},"end":{"line":36,"column":92}},"14":{"start":{"line":39,"column":12},"end":{"line":39,"column":33}},"15":{"start":{"line":43,"column":4},"end":{"line":93,"column":5}},"16":{"start":{"line":54,"column":92},"end":{"line":54,"column":111}},"17":{"start":{"line":74,"column":40},"end":{"line":85,"column":45}},"18":{"start":{"line":78,"column":101},"end":{"line":78,"column":173}},"19":{"start":{"line":83,"column":96},"end":{"line":83,"column":132}}},"fnMap":{"0":{"name":"(anonymous_0)","decl":{"start":{"line":7,"column":27},"end":{"line":7,"column":28}},"loc":{"start":{"line":7,"column":33},"end":{"line":94,"column":1}},"line":7},"1":{"name":"(anonymous_1)","decl":{"start":{"line":15,"column":14},"end":{"line":15,"column":15}},"loc":{"start":{"line":15,"column":20},"end":{"line":17,"column":5}},"line":15},"2":{"name":"getAllAppuntamentiMedico","decl":{"start":{"line":19,"column":13},"end":{"line":19,"column":37}},"loc":{"start":{"line":19,"column":49},"end":{"line":25,"column":5}},"line":19},"3":{"name":"(anonymous_3)","decl":{"start":{"line":20,"column":47},"end":{"line":20,"column":48}},"loc":{"start":{"line":20,"column":61},"end":{"line":22,"column":9}},"line":20},"4":{"name":"(anonymous_4)","decl":{"start":{"line":22,"column":17},"end":{"line":22,"column":18}},"loc":{"start":{"line":22,"column":26},"end":{"line":24,"column":9}},"line":22},"5":{"name":"visualizzaProfilo","decl":{"start":{"line":27,"column":13},"end":{"line":27,"column":30}},"loc":{"start":{"line":27,"column":33},"end":{"line":29,"column":5}},"line":27},"6":{"name":"scriviRisultato","decl":{"start":{"line":31,"column":13},"end":{"line":31,"column":28}},"loc":{"start":{"line":31,"column":36},"end":{"line":41,"column":5}},"line":31},"7":{"name":"(anonymous_7)","decl":{"start":{"line":32,"column":47},"end":{"line":32,"column":48}},"loc":{"start":{"line":32,"column":61},"end":{"line":38,"column":9}},"line":32},"8":{"name":"(anonymous_8)","decl":{"start":{"line":38,"column":17},"end":{"line":38,"column":18}},"loc":{"start":{"line":38,"column":26},"end":{"line":40,"column":9}},"line":38},"9":{"name":"(anonymous_9)","decl":{"start":{"line":54,"column":86},"end":{"line":54,"column":87}},"loc":{"start":{"line":54,"column":92},"end":{"line":54,"column":111}},"line":54},"10":{"name":"(anonymous_10)","decl":{"start":{"line":73,"column":53},"end":{"line":73,"column":54}},"loc":{"start":{"line":74,"column":40},"end":{"line":85,"column":45}},"line":74},"11":{"name":"(anonymous_11)","decl":{"start":{"line":78,"column":95},"end":{"line":78,"column":96}},"loc":{"start":{"line":78,"column":101},"end":{"line":78,"column":173}},"line":78},"12":{"name":"(anonymous_12)","decl":{"start":{"line":83,"column":90},"end":{"line":83,"column":91}},"loc":{"start":{"line":83,"column":96},"end":{"line":83,"column":132}},"line":83}},"branchMap":{"0":{"loc":{"start":{"line":33,"column":12},"end":{"line":37,"column":13}},"type":"if","locations":[{"start":{"line":33,"column":12},"end":{"line":37,"column":13}},{"start":{"line":35,"column":19},"end":{"line":37,"column":13}}],"line":33}},"s":{"0":1,"1":4,"2":4,"3":4,"4":4,"5":2,"6":2,"7":2,"8":0,"9":1,"10":0,"11":0,"12":0,"13":0,"14":0,"15":4,"16":1,"17":6,"18":0,"19":0},"f":{"0":4,"1":2,"2":2,"3":2,"4":0,"5":1,"6":0,"7":0,"8":0,"9":1,"10":6,"11":0,"12":0},"b":{"0":[0,0]},"_coverageSchema":"1a1c01bbd47fc00a2c39e90264f33305004495a9","hash":"b05e625af98b9f308a80a6657453a80bfa230c9c"}
,"/home/francesco/repos/frontend_idsa/idsa_frontend/src/components/liste/AppuntamentiPaziente.jsx": {"path":"/home/francesco/repos/frontend_idsa/idsa_frontend/src/components/liste/AppuntamentiPaziente.jsx","statementMap":{"0":{"start":{"line":12,"column":29},"end":{"line":110,"column":1}},"1":{"start":{"line":14,"column":52},"end":{"line":14,"column":64}},"2":{"start":{"line":16,"column":22},"end":{"line":16,"column":35}},"3":{"start":{"line":18,"column":27},"end":{"line":18,"column":38}},"4":{"start":{"line":20,"column":4},"end":{"line":22,"column":10}},"5":{"start":{"line":21,"column":8},"end":{"line":21,"column":47}},"6":{"start":{"line":25,"column":8},"end":{"line":29,"column":10}},"7":{"start":{"line":26,"column":12},"end":{"line":26,"column":51}},"8":{"start":{"line":28,"column":12},"end":{"line":28,"column":33}},"9":{"start":{"line":33,"column":8},"end":{"line":33,"column":46}},"10":{"start":{"line":37,"column":8},"end":{"line":37,"column":54}},"11":{"start":{"line":41,"column":8},"end":{"line":41,"column":49}},"12":{"start":{"line":45,"column":8},"end":{"line":47,"column":10}},"13":{"start":{"line":46,"column":12},"end":{"line":46,"column":51}},"14":{"start":{"line":51,"column":8},"end":{"line":51,"column":35}},"15":{"start":{"line":52,"column":8},"end":{"line":54,"column":10}},"16":{"start":{"line":53,"column":12},"end":{"line":53,"column":51}},"17":{"start":{"line":57,"column":4},"end":{"line":109,"column":5}},"18":{"start":{"line":64,"column":92},"end":{"line":64,"column":107}},"19":{"start":{"line":65,"column":92},"end":{"line":65,"column":111}},"20":{"start":{"line":66,"column":92},"end":{"line":66,"column":111}},"21":{"start":{"line":86,"column":40},"end":{"line":98,"column":45}},"22":{"start":{"line":90,"column":96},"end":{"line":90,"column":166}},"23":{"start":{"line":95,"column":96},"end":{"line":95,"column":126}},"24":{"start":{"line":96,"column":98},"end":{"line":96,"column":139}}},"fnMap":{"0":{"name":"(anonymous_0)","decl":{"start":{"line":12,"column":29},"end":{"line":12,"column":30}},"loc":{"start":{"line":12,"column":35},"end":{"line":110,"column":1}},"line":12},"1":{"name":"(anonymous_1)","decl":{"start":{"line":20,"column":14},"end":{"line":20,"column":15}},"loc":{"start":{"line":20,"column":20},"end":{"line":22,"column":5}},"line":20},"2":{"name":"getAllAppuntamentiPaziente","decl":{"start":{"line":24,"column":13},"end":{"line":24,"column":39}},"loc":{"start":{"line":24,"column":52},"end":{"line":30,"column":5}},"line":24},"3":{"name":"(anonymous_3)","decl":{"start":{"line":25,"column":50},"end":{"line":25,"column":51}},"loc":{"start":{"line":25,"column":64},"end":{"line":27,"column":9}},"line":25},"4":{"name":"(anonymous_4)","decl":{"start":{"line":27,"column":17},"end":{"line":27,"column":18}},"loc":{"start":{"line":27,"column":26},"end":{"line":29,"column":9}},"line":27},"5":{"name":"prenotaVisita","decl":{"start":{"line":32,"column":13},"end":{"line":32,"column":26}},"loc":{"start":{"line":32,"column":29},"end":{"line":34,"column":5}},"line":32},"6":{"name":"visualizzaReferti","decl":{"start":{"line":36,"column":13},"end":{"line":36,"column":30}},"loc":{"start":{"line":36,"column":33},"end":{"line":38,"column":5}},"line":36},"7":{"name":"visualizzaProfilo","decl":{"start":{"line":40,"column":13},"end":{"line":40,"column":30}},"loc":{"start":{"line":40,"column":33},"end":{"line":42,"column":5}},"line":40},"8":{"name":"cancellaAppuntamento","decl":{"start":{"line":44,"column":13},"end":{"line":44,"column":33}},"loc":{"start":{"line":44,"column":42},"end":{"line":48,"column":5}},"line":44},"9":{"name":"(anonymous_9)","decl":{"start":{"line":45,"column":40},"end":{"line":45,"column":41}},"loc":{"start":{"line":45,"column":46},"end":{"line":47,"column":9}},"line":45},"10":{"name":"pagaAppuntamento","decl":{"start":{"line":50,"column":13},"end":{"line":50,"column":29}},"loc":{"start":{"line":50,"column":44},"end":{"line":55,"column":5}},"line":50},"11":{"name":"(anonymous_11)","decl":{"start":{"line":52,"column":67},"end":{"line":52,"column":68}},"loc":{"start":{"line":52,"column":73},"end":{"line":54,"column":9}},"line":52},"12":{"name":"(anonymous_12)","decl":{"start":{"line":64,"column":86},"end":{"line":64,"column":87}},"loc":{"start":{"line":64,"column":92},"end":{"line":64,"column":107}},"line":64},"13":{"name":"(anonymous_13)","decl":{"start":{"line":65,"column":86},"end":{"line":65,"column":87}},"loc":{"start":{"line":65,"column":92},"end":{"line":65,"column":111}},"line":65},"14":{"name":"(anonymous_14)","decl":{"start":{"line":66,"column":86},"end":{"line":66,"column":87}},"loc":{"start":{"line":66,"column":92},"end":{"line":66,"column":111}},"line":66},"15":{"name":"(anonymous_15)","decl":{"start":{"line":85,"column":53},"end":{"line":85,"column":54}},"loc":{"start":{"line":86,"column":40},"end":{"line":98,"column":45}},"line":86},"16":{"name":"(anonymous_16)","decl":{"start":{"line":90,"column":90},"end":{"line":90,"column":91}},"loc":{"start":{"line":90,"column":96},"end":{"line":90,"column":166}},"line":90},"17":{"name":"(anonymous_17)","decl":{"start":{"line":95,"column":90},"end":{"line":95,"column":91}},"loc":{"start":{"line":95,"column":96},"end":{"line":95,"column":126}},"line":95},"18":{"name":"(anonymous_18)","decl":{"start":{"line":96,"column":92},"end":{"line":96,"column":93}},"loc":{"start":{"line":96,"column":98},"end":{"line":96,"column":139}},"line":96}},"branchMap":{"0":{"loc":{"start":{"line":87,"column":49},"end":{"line":87,"column":83}},"type":"cond-expr","locations":[{"start":{"line":87,"column":71},"end":{"line":87,"column":76}},{"start":{"line":87,"column":79},"end":{"line":87,"column":83}}],"line":87}},"s":{"0":1,"1":4,"2":4,"3":4,"4":4,"5":2,"6":2,"7":2,"8":0,"9":0,"10":0,"11":1,"12":0,"13":0,"14":0,"15":0,"16":0,"17":4,"18":0,"19":0,"20":1,"21":6,"22":0,"23":0,"24":0},"f":{"0":4,"1":2,"2":2,"3":2,"4":0,"5":0,"6":0,"7":1,"8":0,"9":0,"10":0,"11":0,"12":0,"13":0,"14":1,"15":6,"16":0,"17":0,"18":0},"b":{"0":[0,6]},"_coverageSchema":"1a1c01bbd47fc00a2c39e90264f33305004495a9","hash":"225ded2caecdc158b286411da0c269325916edea"}
,"/home/francesco/repos/frontend_idsa/idsa_frontend/src/components/liste/ElencoSlot.jsx": {"path":"/home/francesco/repos/frontend_idsa/idsa_frontend/src/components/liste/ElencoSlot.jsx","statementMap":{"0":{"start":{"line":6,"column":19},"end":{"line":99,"column":1}},"1":{"start":{"line":7,"column":32},"end":{"line":7,"column":47}},"2":{"start":{"line":8,"column":30},"end":{"line":8,"column":42}},"3":{"start":{"line":10,"column":42},"end":{"line":10,"column":53}},"4":{"start":{"line":12,"column":22},"end":{"line":12,"column":35}},"5":{"start":{"line":14,"column":4},"end":{"line":16,"column":10}},"6":{"start":{"line":15,"column":8},"end":{"line":15,"column":22}},"7":{"start":{"line":19,"column":8},"end":{"line":23,"column":10}},"8":{"start":{"line":20,"column":12},"end":{"line":20,"column":36}},"9":{"start":{"line":22,"column":12},"end":{"line":22,"column":33}},"10":{"start":{"line":27,"column":28},"end":{"line":27,"column":46}},"11":{"start":{"line":28,"column":26},"end":{"line":28,"column":42}},"12":{"start":{"line":29,"column":26},"end":{"line":29,"column":39}},"13":{"start":{"line":31,"column":21},"end":{"line":34,"column":10}},"14":{"start":{"line":33,"column":12},"end":{"line":33,"column":33}},"15":{"start":{"line":35,"column":8},"end":{"line":35,"column":28}},"16":{"start":{"line":37,"column":8},"end":{"line":37,"column":33}},"17":{"start":{"line":39,"column":29},"end":{"line":41,"column":9}},"18":{"start":{"line":43,"column":8},"end":{"line":43,"column":34}},"19":{"start":{"line":44,"column":8},"end":{"line":52,"column":10}},"20":{"start":{"line":45,"column":12},"end":{"line":49,"column":15}},"21":{"start":{"line":46,"column":16},"end":{"line":46,"column":65}},"22":{"start":{"line":48,"column":16},"end":{"line":48,"column":37}},"23":{"start":{"line":51,"column":12},"end":{"line":51,"column":33}},"24":{"start":{"line":56,"column":4},"end":{"line":97,"column":6}},"25":{"start":{"line":85,"column":24},"end":{"line":92,"column":29}},"26":{"start":{"line":90,"column":83},"end":{"line":90,"column":109}}},"fnMap":{"0":{"name":"(anonymous_0)","decl":{"start":{"line":6,"column":19},"end":{"line":6,"column":20}},"loc":{"start":{"line":6,"column":25},"end":{"line":99,"column":1}},"line":6},"1":{"name":"(anonymous_1)","decl":{"start":{"line":14,"column":14},"end":{"line":14,"column":15}},"loc":{"start":{"line":14,"column":20},"end":{"line":16,"column":5}},"line":14},"2":{"name":"getAllSlots","decl":{"start":{"line":18,"column":13},"end":{"line":18,"column":24}},"loc":{"start":{"line":18,"column":27},"end":{"line":24,"column":5}},"line":18},"3":{"name":"(anonymous_3)","decl":{"start":{"line":19,"column":29},"end":{"line":19,"column":30}},"loc":{"start":{"line":19,"column":43},"end":{"line":21,"column":9}},"line":19},"4":{"name":"(anonymous_4)","decl":{"start":{"line":21,"column":17},"end":{"line":21,"column":18}},"loc":{"start":{"line":21,"column":26},"end":{"line":23,"column":9}},"line":21},"5":{"name":"prenotazione","decl":{"start":{"line":26,"column":13},"end":{"line":26,"column":25}},"loc":{"start":{"line":26,"column":34},"end":{"line":54,"column":5}},"line":26},"6":{"name":"(anonymous_6)","decl":{"start":{"line":31,"column":43},"end":{"line":31,"column":44}},"loc":{"start":{"line":31,"column":57},"end":{"line":32,"column":9}},"line":31},"7":{"name":"(anonymous_7)","decl":{"start":{"line":32,"column":17},"end":{"line":32,"column":18}},"loc":{"start":{"line":32,"column":26},"end":{"line":34,"column":9}},"line":32},"8":{"name":"(anonymous_8)","decl":{"start":{"line":44,"column":46},"end":{"line":44,"column":47}},"loc":{"start":{"line":44,"column":60},"end":{"line":50,"column":9}},"line":44},"9":{"name":"(anonymous_9)","decl":{"start":{"line":45,"column":43},"end":{"line":45,"column":44}},"loc":{"start":{"line":45,"column":57},"end":{"line":47,"column":13}},"line":45},"10":{"name":"(anonymous_10)","decl":{"start":{"line":47,"column":21},"end":{"line":47,"column":22}},"loc":{"start":{"line":47,"column":30},"end":{"line":49,"column":13}},"line":47},"11":{"name":"(anonymous_11)","decl":{"start":{"line":50,"column":17},"end":{"line":50,"column":18}},"loc":{"start":{"line":50,"column":26},"end":{"line":52,"column":9}},"line":50},"12":{"name":"(anonymous_12)","decl":{"start":{"line":84,"column":31},"end":{"line":84,"column":32}},"loc":{"start":{"line":85,"column":24},"end":{"line":92,"column":29}},"line":85},"13":{"name":"(anonymous_13)","decl":{"start":{"line":90,"column":77},"end":{"line":90,"column":78}},"loc":{"start":{"line":90,"column":83},"end":{"line":90,"column":109}},"line":90}},"branchMap":{},"s":{"0":1,"1":4,"2":3,"3":3,"4":3,"5":3,"6":2,"7":2,"8":2,"9":0,"10":0,"11":0,"12":0,"13":0,"14":0,"15":0,"16":0,"17":0,"18":0,"19":0,"20":0,"21":0,"22":0,"23":0,"24":3,"25":1,"26":0},"f":{"0":4,"1":2,"2":2,"3":2,"4":0,"5":0,"6":0,"7":0,"8":0,"9":0,"10":0,"11":0,"12":1,"13":0},"b":{},"_coverageSchema":"1a1c01bbd47fc00a2c39e90264f33305004495a9","hash":"58e03ed39929a30eca2a6c1689ea0b1dfe427deb"}
,"/home/francesco/repos/frontend_idsa/idsa_frontend/src/components/liste/MenuVisite.jsx": {"path":"/home/francesco/repos/frontend_idsa/idsa_frontend/src/components/liste/MenuVisite.jsx","statementMap":{"0":{"start":{"line":6,"column":19},"end":{"line":88,"column":1}},"1":{"start":{"line":8,"column":32},"end":{"line":8,"column":44}},"2":{"start":{"line":10,"column":32},"end":{"line":10,"column":44}},"3":{"start":{"line":12,"column":25},"end":{"line":12,"column":36}},"4":{"start":{"line":14,"column":22},"end":{"line":14,"column":35}},"5":{"start":{"line":16,"column":4},"end":{"line":19,"column":10}},"6":{"start":{"line":17,"column":8},"end":{"line":17,"column":23}},"7":{"start":{"line":18,"column":8},"end":{"line":18,"column":23}},"8":{"start":{"line":22,"column":8},"end":{"line":31,"column":10}},"9":{"start":{"line":23,"column":31},"end":{"line":26,"column":18}},"10":{"start":{"line":24,"column":16},"end":{"line":24,"column":47}},"11":{"start":{"line":25,"column":16},"end":{"line":25,"column":27}},"12":{"start":{"line":27,"column":12},"end":{"line":27,"column":34}},"13":{"start":{"line":28,"column":12},"end":{"line":28,"column":36}},"14":{"start":{"line":30,"column":12},"end":{"line":30,"column":33}},"15":{"start":{"line":35,"column":8},"end":{"line":40,"column":10}},"16":{"start":{"line":36,"column":12},"end":{"line":36,"column":37}},"17":{"start":{"line":37,"column":12},"end":{"line":37,"column":39}},"18":{"start":{"line":39,"column":12},"end":{"line":39,"column":33}},"19":{"start":{"line":43,"column":4},"end":{"line":87,"column":6}},"20":{"start":{"line":74,"column":24},"end":{"line":82,"column":29}},"21":{"start":{"line":80,"column":83},"end":{"line":80,"column":158}}},"fnMap":{"0":{"name":"(anonymous_0)","decl":{"start":{"line":6,"column":19},"end":{"line":6,"column":20}},"loc":{"start":{"line":6,"column":25},"end":{"line":88,"column":1}},"line":6},"1":{"name":"(anonymous_1)","decl":{"start":{"line":16,"column":14},"end":{"line":16,"column":15}},"loc":{"start":{"line":16,"column":20},"end":{"line":19,"column":5}},"line":16},"2":{"name":"getAllMedici","decl":{"start":{"line":21,"column":13},"end":{"line":21,"column":25}},"loc":{"start":{"line":21,"column":27},"end":{"line":32,"column":5}},"line":21},"3":{"name":"(anonymous_3)","decl":{"start":{"line":22,"column":26},"end":{"line":22,"column":27}},"loc":{"start":{"line":22,"column":40},"end":{"line":29,"column":9}},"line":22},"4":{"name":"(anonymous_4)","decl":{"start":{"line":23,"column":52},"end":{"line":23,"column":53}},"loc":{"start":{"line":23,"column":69},"end":{"line":26,"column":13}},"line":23},"5":{"name":"(anonymous_5)","decl":{"start":{"line":29,"column":17},"end":{"line":29,"column":18}},"loc":{"start":{"line":29,"column":26},"end":{"line":31,"column":9}},"line":29},"6":{"name":"getAllVisite","decl":{"start":{"line":34,"column":13},"end":{"line":34,"column":25}},"loc":{"start":{"line":34,"column":28},"end":{"line":41,"column":5}},"line":34},"7":{"name":"(anonymous_7)","decl":{"start":{"line":35,"column":26},"end":{"line":35,"column":27}},"loc":{"start":{"line":35,"column":40},"end":{"line":38,"column":9}},"line":35},"8":{"name":"(anonymous_8)","decl":{"start":{"line":38,"column":17},"end":{"line":38,"column":18}},"loc":{"start":{"line":38,"column":26},"end":{"line":40,"column":9}},"line":38},"9":{"name":"(anonymous_9)","decl":{"start":{"line":73,"column":32},"end":{"line":73,"column":33}},"loc":{"start":{"line":74,"column":24},"end":{"line":82,"column":29}},"line":74},"10":{"name":"(anonymous_10)","decl":{"start":{"line":80,"column":77},"end":{"line":80,"column":78}},"loc":{"start":{"line":80,"column":83},"end":{"line":80,"column":158}},"line":80}},"branchMap":{},"s":{"0":1,"1":4,"2":3,"3":3,"4":3,"5":3,"6":3,"7":3,"8":3,"9":3,"10":0,"11":0,"12":3,"13":3,"14":0,"15":3,"16":3,"17":3,"18":0,"19":3,"20":0,"21":0},"f":{"0":4,"1":3,"2":3,"3":3,"4":0,"5":0,"6":3,"7":3,"8":0,"9":0,"10":0},"b":{},"_coverageSchema":"1a1c01bbd47fc00a2c39e90264f33305004495a9","hash":"e090309b5655efcc21881e02b4f39b5818e2ed16"}
,"/home/francesco/repos/frontend_idsa/idsa_frontend/src/components/liste/VisualizzaCartella.jsx": {"path":"/home/francesco/repos/frontend_idsa/idsa_frontend/src/components/liste/VisualizzaCartella.jsx","statementMap":{"0":{"start":{"line":6,"column":27},"end":{"line":63,"column":1}},"1":{"start":{"line":8,"column":34},"end":{"line":8,"column":46}},"2":{"start":{"line":10,"column":27},"end":{"line":10,"column":38}},"3":{"start":{"line":12,"column":22},"end":{"line":12,"column":35}},"4":{"start":{"line":14,"column":4},"end":{"line":16,"column":10}},"5":{"start":{"line":15,"column":8},"end":{"line":15,"column":24}},"6":{"start":{"line":19,"column":8},"end":{"line":23,"column":10}},"7":{"start":{"line":20,"column":12},"end":{"line":20,"column":38}},"8":{"start":{"line":22,"column":12},"end":{"line":22,"column":33}},"9":{"start":{"line":27,"column":8},"end":{"line":27,"column":22}},"10":{"start":{"line":31,"column":8},"end":{"line":31,"column":56}},"11":{"start":{"line":34,"column":4},"end":{"line":62,"column":5}},"12":{"start":{"line":50,"column":28},"end":{"line":55,"column":33}}},"fnMap":{"0":{"name":"(anonymous_0)","decl":{"start":{"line":6,"column":27},"end":{"line":6,"column":28}},"loc":{"start":{"line":6,"column":33},"end":{"line":63,"column":1}},"line":6},"1":{"name":"(anonymous_1)","decl":{"start":{"line":14,"column":14},"end":{"line":14,"column":15}},"loc":{"start":{"line":14,"column":20},"end":{"line":16,"column":5}},"line":14},"2":{"name":"getAllReferti","decl":{"start":{"line":18,"column":13},"end":{"line":18,"column":26}},"loc":{"start":{"line":18,"column":29},"end":{"line":24,"column":5}},"line":18},"3":{"name":"(anonymous_3)","decl":{"start":{"line":19,"column":47},"end":{"line":19,"column":48}},"loc":{"start":{"line":19,"column":61},"end":{"line":21,"column":9}},"line":19},"4":{"name":"(anonymous_4)","decl":{"start":{"line":21,"column":17},"end":{"line":21,"column":18}},"loc":{"start":{"line":21,"column":26},"end":{"line":23,"column":9}},"line":21},"5":{"name":"exit","decl":{"start":{"line":26,"column":13},"end":{"line":26,"column":17}},"loc":{"start":{"line":26,"column":20},"end":{"line":28,"column":5}},"line":26},"6":{"name":"backAppuntamenti","decl":{"start":{"line":30,"column":13},"end":{"line":30,"column":29}},"loc":{"start":{"line":30,"column":32},"end":{"line":32,"column":5}},"line":30},"7":{"name":"(anonymous_7)","decl":{"start":{"line":49,"column":36},"end":{"line":49,"column":37}},"loc":{"start":{"line":50,"column":28},"end":{"line":55,"column":33}},"line":50}},"branchMap":{},"s":{"0":1,"1":4,"2":3,"3":3,"4":3,"5":3,"6":3,"7":3,"8":0,"9":0,"10":0,"11":3,"12":0},"f":{"0":4,"1":3,"2":3,"3":3,"4":0,"5":0,"6":0,"7":0},"b":{},"_coverageSchema":"1a1c01bbd47fc00a2c39e90264f33305004495a9","hash":"fee69dfaebbcc90a89fb1cb4a5349b8388556fe1"}
,"/home/francesco/repos/frontend_idsa/idsa_frontend/src/components/liste/VisualizzaCartellaAdmin.jsx": {"path":"/home/francesco/repos/frontend_idsa/idsa_frontend/src/components/liste/VisualizzaCartellaAdmin.jsx","statementMap":{"0":{"start":{"line":6,"column":27},"end":{"line":63,"column":1}},"1":{"start":{"line":8,"column":34},"end":{"line":8,"column":46}},"2":{"start":{"line":10,"column":27},"end":{"line":10,"column":38}},"3":{"start":{"line":12,"column":22},"end":{"line":12,"column":35}},"4":{"start":{"line":14,"column":4},"end":{"line":16,"column":10}},"5":{"start":{"line":15,"column":8},"end":{"line":15,"column":24}},"6":{"start":{"line":19,"column":8},"end":{"line":23,"column":10}},"7":{"start":{"line":20,"column":12},"end":{"line":20,"column":38}},"8":{"start":{"line":22,"column":12},"end":{"line":22,"column":33}},"9":{"start":{"line":27,"column":8},"end":{"line":27,"column":22}},"10":{"start":{"line":31,"column":8},"end":{"line":31,"column":30}},"11":{"start":{"line":34,"column":4},"end":{"line":62,"column":5}},"12":{"start":{"line":50,"column":28},"end":{"line":55,"column":33}}},"fnMap":{"0":{"name":"(anonymous_0)","decl":{"start":{"line":6,"column":27},"end":{"line":6,"column":28}},"loc":{"start":{"line":6,"column":33},"end":{"line":63,"column":1}},"line":6},"1":{"name":"(anonymous_1)","decl":{"start":{"line":14,"column":14},"end":{"line":14,"column":15}},"loc":{"start":{"line":14,"column":20},"end":{"line":16,"column":5}},"line":14},"2":{"name":"getAllReferti","decl":{"start":{"line":18,"column":13},"end":{"line":18,"column":26}},"loc":{"start":{"line":18,"column":29},"end":{"line":24,"column":5}},"line":18},"3":{"name":"(anonymous_3)","decl":{"start":{"line":19,"column":47},"end":{"line":19,"column":48}},"loc":{"start":{"line":19,"column":61},"end":{"line":21,"column":9}},"line":19},"4":{"name":"(anonymous_4)","decl":{"start":{"line":21,"column":17},"end":{"line":21,"column":18}},"loc":{"start":{"line":21,"column":26},"end":{"line":23,"column":9}},"line":21},"5":{"name":"exit","decl":{"start":{"line":26,"column":13},"end":{"line":26,"column":17}},"loc":{"start":{"line":26,"column":20},"end":{"line":28,"column":5}},"line":26},"6":{"name":"back2pazienti","decl":{"start":{"line":30,"column":13},"end":{"line":30,"column":26}},"loc":{"start":{"line":30,"column":29},"end":{"line":32,"column":5}},"line":30},"7":{"name":"(anonymous_7)","decl":{"start":{"line":49,"column":36},"end":{"line":49,"column":37}},"loc":{"start":{"line":50,"column":28},"end":{"line":55,"column":33}},"line":50}},"branchMap":{},"s":{"0":1,"1":4,"2":3,"3":3,"4":3,"5":3,"6":3,"7":3,"8":0,"9":0,"10":0,"11":3,"12":0},"f":{"0":4,"1":3,"2":3,"3":3,"4":0,"5":0,"6":0,"7":0},"b":{},"_coverageSchema":"1a1c01bbd47fc00a2c39e90264f33305004495a9","hash":"bce7e633acef53ad81db922ee406f1bbeb772120"}
,"/home/francesco/repos/frontend_idsa/idsa_frontend/src/components/liste/VisualizzaCartellaMedico.jsx": {"path":"/home/francesco/repos/frontend_idsa/idsa_frontend/src/components/liste/VisualizzaCartellaMedico.jsx","statementMap":{"0":{"start":{"line":6,"column":27},"end":{"line":63,"column":1}},"1":{"start":{"line":8,"column":34},"end":{"line":8,"column":46}},"2":{"start":{"line":10,"column":37},"end":{"line":10,"column":48}},"3":{"start":{"line":12,"column":22},"end":{"line":12,"column":35}},"4":{"start":{"line":14,"column":4},"end":{"line":16,"column":10}},"5":{"start":{"line":15,"column":8},"end":{"line":15,"column":24}},"6":{"start":{"line":19,"column":8},"end":{"line":23,"column":10}},"7":{"start":{"line":20,"column":12},"end":{"line":20,"column":38}},"8":{"start":{"line":22,"column":12},"end":{"line":22,"column":33}},"9":{"start":{"line":27,"column":8},"end":{"line":27,"column":22}},"10":{"start":{"line":31,"column":8},"end":{"line":31,"column":54}},"11":{"start":{"line":34,"column":4},"end":{"line":62,"column":5}},"12":{"start":{"line":50,"column":28},"end":{"line":55,"column":33}}},"fnMap":{"0":{"name":"(anonymous_0)","decl":{"start":{"line":6,"column":27},"end":{"line":6,"column":28}},"loc":{"start":{"line":6,"column":33},"end":{"line":63,"column":1}},"line":6},"1":{"name":"(anonymous_1)","decl":{"start":{"line":14,"column":14},"end":{"line":14,"column":15}},"loc":{"start":{"line":14,"column":20},"end":{"line":16,"column":5}},"line":14},"2":{"name":"getAllReferti","decl":{"start":{"line":18,"column":13},"end":{"line":18,"column":26}},"loc":{"start":{"line":18,"column":29},"end":{"line":24,"column":5}},"line":18},"3":{"name":"(anonymous_3)","decl":{"start":{"line":19,"column":47},"end":{"line":19,"column":48}},"loc":{"start":{"line":19,"column":61},"end":{"line":21,"column":9}},"line":19},"4":{"name":"(anonymous_4)","decl":{"start":{"line":21,"column":17},"end":{"line":21,"column":18}},"loc":{"start":{"line":21,"column":26},"end":{"line":23,"column":9}},"line":21},"5":{"name":"exit","decl":{"start":{"line":26,"column":13},"end":{"line":26,"column":17}},"loc":{"start":{"line":26,"column":20},"end":{"line":28,"column":5}},"line":26},"6":{"name":"backAppuntamenti","decl":{"start":{"line":30,"column":13},"end":{"line":30,"column":29}},"loc":{"start":{"line":30,"column":32},"end":{"line":32,"column":5}},"line":30},"7":{"name":"(anonymous_7)","decl":{"start":{"line":49,"column":36},"end":{"line":49,"column":37}},"loc":{"start":{"line":50,"column":28},"end":{"line":55,"column":33}},"line":50}},"branchMap":{},"s":{"0":1,"1":4,"2":3,"3":3,"4":3,"5":3,"6":3,"7":3,"8":0,"9":0,"10":0,"11":3,"12":0},"f":{"0":4,"1":3,"2":3,"3":3,"4":0,"5":0,"6":0,"7":0},"b":{},"_coverageSchema":"1a1c01bbd47fc00a2c39e90264f33305004495a9","hash":"04785c2b2215bc803d94efaa666bf1cf150c2f02"}
,"/home/francesco/repos/frontend_idsa/idsa_frontend/src/components/login/AdminLogin.jsx": {"path":"/home/francesco/repos/frontend_idsa/idsa_frontend/src/components/login/AdminLogin.jsx","statementMap":{"0":{"start":{"line":6,"column":36},"end":{"line":6,"column":48}},"1":{"start":{"line":8,"column":32},"end":{"line":10,"column":6}},"2":{"start":{"line":12,"column":22},"end":{"line":12,"column":35}},"3":{"start":{"line":15,"column":20},"end":{"line":15,"column":24}},"4":{"start":{"line":16,"column":27},"end":{"line":16,"column":40}},"5":{"start":{"line":18,"column":8},"end":{"line":21,"column":9}},"6":{"start":{"line":19,"column":12},"end":{"line":19,"column":55}},"7":{"start":{"line":20,"column":12},"end":{"line":20,"column":26}},"8":{"start":{"line":23,"column":8},"end":{"line":23,"column":30}},"9":{"start":{"line":25,"column":8},"end":{"line":25,"column":21}},"10":{"start":{"line":29,"column":8},"end":{"line":29,"column":22}},"11":{"start":{"line":32,"column":4},"end":{"line":36,"column":17}},"12":{"start":{"line":33,"column":8},"end":{"line":35,"column":9}},"13":{"start":{"line":34,"column":12},"end":{"line":34,"column":40}},"14":{"start":{"line":39,"column":8},"end":{"line":39,"column":27}},"15":{"start":{"line":41,"column":8},"end":{"line":45,"column":9}},"16":{"start":{"line":42,"column":12},"end":{"line":44,"column":13}},"17":{"start":{"line":43,"column":16},"end":{"line":43,"column":43}},"18":{"start":{"line":48,"column":4},"end":{"line":73,"column":5}},"19":{"start":{"line":54,"column":47},"end":{"line":54,"column":80}},"20":{"start":{"line":62,"column":53},"end":{"line":62,"column":80}},"21":{"start":{"line":67,"column":80},"end":{"line":67,"column":113}}},"fnMap":{"0":{"name":"AdminLogin","decl":{"start":{"line":4,"column":24},"end":{"line":4,"column":34}},"loc":{"start":{"line":4,"column":36},"end":{"line":74,"column":1}},"line":4},"1":{"name":"validateForm","decl":{"start":{"line":14,"column":13},"end":{"line":14,"column":25}},"loc":{"start":{"line":14,"column":28},"end":{"line":26,"column":5}},"line":14},"2":{"name":"tornaIndietro","decl":{"start":{"line":28,"column":13},"end":{"line":28,"column":26}},"loc":{"start":{"line":28,"column":29},"end":{"line":30,"column":5}},"line":28},"3":{"name":"(anonymous_3)","decl":{"start":{"line":32,"column":14},"end":{"line":32,"column":15}},"loc":{"start":{"line":32,"column":20},"end":{"line":36,"column":5}},"line":32},"4":{"name":"loginAdminEvaluation","decl":{"start":{"line":38,"column":13},"end":{"line":38,"column":33}},"loc":{"start":{"line":38,"column":47},"end":{"line":46,"column":5}},"line":38},"5":{"name":"(anonymous_5)","decl":{"start":{"line":54,"column":40},"end":{"line":54,"column":41}},"loc":{"start":{"line":54,"column":47},"end":{"line":54,"column":80}},"line":54},"6":{"name":"(anonymous_6)","decl":{"start":{"line":62,"column":46},"end":{"line":62,"column":47}},"loc":{"start":{"line":62,"column":53},"end":{"line":62,"column":80}},"line":62},"7":{"name":"(anonymous_7)","decl":{"start":{"line":67,"column":73},"end":{"line":67,"column":74}},"loc":{"start":{"line":67,"column":80},"end":{"line":67,"column":113}},"line":67}},"branchMap":{"0":{"loc":{"start":{"line":18,"column":8},"end":{"line":21,"column":9}},"type":"if","locations":[{"start":{"line":18,"column":8},"end":{"line":21,"column":9}},{"start":{},"end":{}}],"line":18},"1":{"loc":{"start":{"line":33,"column":8},"end":{"line":35,"column":9}},"type":"if","locations":[{"start":{"line":33,"column":8},"end":{"line":35,"column":9}},{"start":{},"end":{}}],"line":33},"2":{"loc":{"start":{"line":33,"column":12},"end":{"line":33,"column":61}},"type":"binary-expr","locations":[{"start":{"line":33,"column":12},"end":{"line":33,"column":44}},{"start":{"line":33,"column":48},"end":{"line":33,"column":61}}],"line":33},"3":{"loc":{"start":{"line":41,"column":8},"end":{"line":45,"column":9}},"type":"if","locations":[{"start":{"line":41,"column":8},"end":{"line":45,"column":9}},{"start":{},"end":{}}],"line":41},"4":{"loc":{"start":{"line":42,"column":12},"end":{"line":44,"column":13}},"type":"if","locations":[{"start":{"line":42,"column":12},"end":{"line":44,"column":13}},{"start":{},"end":{}}],"line":42},"5":{"loc":{"start":{"line":64,"column":34},"end":{"line":64,"column":113}},"type":"binary-expr","locations":[{"start":{"line":64,"column":34},"end":{"line":64,"column":49}},{"start":{"line":64,"column":53},"end":{"line":64,"column":113}}],"line":64}},"s":{"0":6,"1":6,"2":6,"3":3,"4":3,"5":3,"6":2,"7":2,"8":3,"9":3,"10":1,"11":6,"12":5,"13":0,"14":3,"15":3,"16":1,"17":1,"18":6,"19":1,"20":1,"21":2},"f":{"0":6,"1":3,"2":1,"3":5,"4":3,"5":1,"6":1,"7":2},"b":{"0":[2,1],"1":[0,5],"2":[5,0],"3":[1,2],"4":[1,0],"5":[6,4]},"_coverageSchema":"1a1c01bbd47fc00a2c39e90264f33305004495a9","hash":"fa68c8e7c217c5d86852353a72c490a1367be982"}
,"/home/francesco/repos/frontend_idsa/idsa_frontend/src/components/login/HrLogin.jsx": {"path":"/home/francesco/repos/frontend_idsa/idsa_frontend/src/components/login/HrLogin.jsx","statementMap":{"0":{"start":{"line":6,"column":36},"end":{"line":6,"column":48}},"1":{"start":{"line":8,"column":32},"end":{"line":10,"column":6}},"2":{"start":{"line":12,"column":22},"end":{"line":12,"column":35}},"3":{"start":{"line":15,"column":20},"end":{"line":15,"column":24}},"4":{"start":{"line":16,"column":27},"end":{"line":16,"column":40}},"5":{"start":{"line":18,"column":8},"end":{"line":21,"column":9}},"6":{"start":{"line":19,"column":12},"end":{"line":19,"column":55}},"7":{"start":{"line":20,"column":12},"end":{"line":20,"column":26}},"8":{"start":{"line":23,"column":8},"end":{"line":23,"column":30}},"9":{"start":{"line":25,"column":8},"end":{"line":25,"column":21}},"10":{"start":{"line":29,"column":8},"end":{"line":29,"column":22}},"11":{"start":{"line":33,"column":8},"end":{"line":33,"column":27}},"12":{"start":{"line":35,"column":8},"end":{"line":39,"column":9}},"13":{"start":{"line":36,"column":12},"end":{"line":38,"column":13}},"14":{"start":{"line":37,"column":16},"end":{"line":37,"column":44}},"15":{"start":{"line":42,"column":4},"end":{"line":67,"column":5}},"16":{"start":{"line":48,"column":47},"end":{"line":48,"column":77}},"17":{"start":{"line":56,"column":53},"end":{"line":56,"column":80}},"18":{"start":{"line":61,"column":80},"end":{"line":61,"column":110}}},"fnMap":{"0":{"name":"HrLogin","decl":{"start":{"line":4,"column":24},"end":{"line":4,"column":31}},"loc":{"start":{"line":4,"column":33},"end":{"line":68,"column":1}},"line":4},"1":{"name":"validateForm","decl":{"start":{"line":14,"column":13},"end":{"line":14,"column":25}},"loc":{"start":{"line":14,"column":28},"end":{"line":26,"column":5}},"line":14},"2":{"name":"tornaIndietro","decl":{"start":{"line":28,"column":13},"end":{"line":28,"column":26}},"loc":{"start":{"line":28,"column":29},"end":{"line":30,"column":5}},"line":28},"3":{"name":"loginHrEvaluation","decl":{"start":{"line":32,"column":13},"end":{"line":32,"column":30}},"loc":{"start":{"line":32,"column":44},"end":{"line":40,"column":5}},"line":32},"4":{"name":"(anonymous_4)","decl":{"start":{"line":48,"column":40},"end":{"line":48,"column":41}},"loc":{"start":{"line":48,"column":47},"end":{"line":48,"column":77}},"line":48},"5":{"name":"(anonymous_5)","decl":{"start":{"line":56,"column":46},"end":{"line":56,"column":47}},"loc":{"start":{"line":56,"column":53},"end":{"line":56,"column":80}},"line":56},"6":{"name":"(anonymous_6)","decl":{"start":{"line":61,"column":73},"end":{"line":61,"column":74}},"loc":{"start":{"line":61,"column":80},"end":{"line":61,"column":110}},"line":61}},"branchMap":{"0":{"loc":{"start":{"line":18,"column":8},"end":{"line":21,"column":9}},"type":"if","locations":[{"start":{"line":18,"column":8},"end":{"line":21,"column":9}},{"start":{},"end":{}}],"line":18},"1":{"loc":{"start":{"line":35,"column":8},"end":{"line":39,"column":9}},"type":"if","locations":[{"start":{"line":35,"column":8},"end":{"line":39,"column":9}},{"start":{},"end":{}}],"line":35},"2":{"loc":{"start":{"line":36,"column":12},"end":{"line":38,"column":13}},"type":"if","locations":[{"start":{"line":36,"column":12},"end":{"line":38,"column":13}},{"start":{},"end":{}}],"line":36},"3":{"loc":{"start":{"line":58,"column":34},"end":{"line":58,"column":112}},"type":"binary-expr","locations":[{"start":{"line":58,"column":34},"end":{"line":58,"column":49}},{"start":{"line":58,"column":53},"end":{"line":58,"column":112}}],"line":58}},"s":{"0":8,"1":8,"2":8,"3":4,"4":4,"5":4,"6":2,"7":2,"8":4,"9":4,"10":1,"11":4,"12":4,"13":2,"14":1,"15":8,"16":1,"17":2,"18":3},"f":{"0":8,"1":4,"2":1,"3":4,"4":1,"5":2,"6":3},"b":{"0":[2,2],"1":[2,2],"2":[1,1],"3":[8,6]},"_coverageSchema":"1a1c01bbd47fc00a2c39e90264f33305004495a9","hash":"2781bbd3cdd7eb98bbb48271715295d0678c07e7"}
,"/home/francesco/repos/frontend_idsa/idsa_frontend/src/components/login/MedicoLogin.jsx": {"path":"/home/francesco/repos/frontend_idsa/idsa_frontend/src/components/login/MedicoLogin.jsx","statementMap":{"0":{"start":{"line":7,"column":30},"end":{"line":7,"column":42}},"1":{"start":{"line":8,"column":36},"end":{"line":8,"column":48}},"2":{"start":{"line":10,"column":32},"end":{"line":13,"column":6}},"3":{"start":{"line":15,"column":22},"end":{"line":15,"column":35}},"4":{"start":{"line":18,"column":20},"end":{"line":18,"column":24}},"5":{"start":{"line":19,"column":27},"end":{"line":19,"column":40}},"6":{"start":{"line":21,"column":8},"end":{"line":24,"column":9}},"7":{"start":{"line":22,"column":12},"end":{"line":22,"column":52}},"8":{"start":{"line":23,"column":12},"end":{"line":23,"column":26}},"9":{"start":{"line":26,"column":8},"end":{"line":29,"column":9}},"10":{"start":{"line":27,"column":12},"end":{"line":27,"column":55}},"11":{"start":{"line":28,"column":12},"end":{"line":28,"column":26}},"12":{"start":{"line":31,"column":8},"end":{"line":31,"column":30}},"13":{"start":{"line":33,"column":8},"end":{"line":33,"column":21}},"14":{"start":{"line":37,"column":8},"end":{"line":37,"column":22}},"15":{"start":{"line":41,"column":8},"end":{"line":41,"column":27}},"16":{"start":{"line":43,"column":8},"end":{"line":51,"column":9}},"17":{"start":{"line":44,"column":12},"end":{"line":50,"column":14}},"18":{"start":{"line":45,"column":16},"end":{"line":47,"column":17}},"19":{"start":{"line":46,"column":20},"end":{"line":46,"column":54}},"20":{"start":{"line":49,"column":16},"end":{"line":49,"column":37}},"21":{"start":{"line":54,"column":4},"end":{"line":90,"column":5}},"22":{"start":{"line":60,"column":47},"end":{"line":60,"column":88}},"23":{"start":{"line":68,"column":53},"end":{"line":68,"column":77}},"24":{"start":{"line":79,"column":53},"end":{"line":79,"column":80}},"25":{"start":{"line":84,"column":80},"end":{"line":84,"column":121}}},"fnMap":{"0":{"name":"MedicoLogin","decl":{"start":{"line":5,"column":24},"end":{"line":5,"column":35}},"loc":{"start":{"line":5,"column":37},"end":{"line":91,"column":1}},"line":5},"1":{"name":"validateForm","decl":{"start":{"line":17,"column":13},"end":{"line":17,"column":25}},"loc":{"start":{"line":17,"column":28},"end":{"line":34,"column":5}},"line":17},"2":{"name":"tornaIndietro","decl":{"start":{"line":36,"column":13},"end":{"line":36,"column":26}},"loc":{"start":{"line":36,"column":29},"end":{"line":38,"column":5}},"line":36},"3":{"name":"loginMedicoEvaluation","decl":{"start":{"line":40,"column":13},"end":{"line":40,"column":34}},"loc":{"start":{"line":40,"column":55},"end":{"line":52,"column":5}},"line":40},"4":{"name":"(anonymous_4)","decl":{"start":{"line":44,"column":38},"end":{"line":44,"column":39}},"loc":{"start":{"line":44,"column":52},"end":{"line":48,"column":13}},"line":44},"5":{"name":"(anonymous_5)","decl":{"start":{"line":48,"column":21},"end":{"line":48,"column":22}},"loc":{"start":{"line":48,"column":30},"end":{"line":50,"column":13}},"line":48},"6":{"name":"(anonymous_6)","decl":{"start":{"line":60,"column":40},"end":{"line":60,"column":41}},"loc":{"start":{"line":60,"column":47},"end":{"line":60,"column":88}},"line":60},"7":{"name":"(anonymous_7)","decl":{"start":{"line":68,"column":46},"end":{"line":68,"column":47}},"loc":{"start":{"line":68,"column":53},"end":{"line":68,"column":77}},"line":68},"8":{"name":"(anonymous_8)","decl":{"start":{"line":79,"column":46},"end":{"line":79,"column":47}},"loc":{"start":{"line":79,"column":53},"end":{"line":79,"column":80}},"line":79},"9":{"name":"(anonymous_9)","decl":{"start":{"line":84,"column":73},"end":{"line":84,"column":74}},"loc":{"start":{"line":84,"column":80},"end":{"line":84,"column":121}},"line":84}},"branchMap":{"0":{"loc":{"start":{"line":21,"column":8},"end":{"line":24,"column":9}},"type":"if","locations":[{"start":{"line":21,"column":8},"end":{"line":24,"column":9}},{"start":{},"end":{}}],"line":21},"1":{"loc":{"start":{"line":26,"column":8},"end":{"line":29,"column":9}},"type":"if","locations":[{"start":{"line":26,"column":8},"end":{"line":29,"column":9}},{"start":{},"end":{}}],"line":26},"2":{"loc":{"start":{"line":43,"column":8},"end":{"line":51,"column":9}},"type":"if","locations":[{"start":{"line":43,"column":8},"end":{"line":51,"column":9}},{"start":{},"end":{}}],"line":43},"3":{"loc":{"start":{"line":45,"column":16},"end":{"line":47,"column":17}},"type":"if","locations":[{"start":{"line":45,"column":16},"end":{"line":47,"column":17}},{"start":{},"end":{}}],"line":45},"4":{"loc":{"start":{"line":70,"column":34},"end":{"line":70,"column":106}},"type":"binary-expr","locations":[{"start":{"line":70,"column":34},"end":{"line":70,"column":46}},{"start":{"line":70,"column":50},"end":{"line":70,"column":106}}],"line":70},"5":{"loc":{"start":{"line":81,"column":34},"end":{"line":81,"column":112}},"type":"binary-expr","locations":[{"start":{"line":81,"column":34},"end":{"line":81,"column":49}},{"start":{"line":81,"column":53},"end":{"line":81,"column":112}}],"line":81}},"s":{"0":7,"1":7,"2":7,"3":7,"4":3,"5":3,"6":3,"7":2,"8":2,"9":3,"10":2,"11":2,"12":3,"13":3,"14":1,"15":3,"16":3,"17":1,"18":1,"19":1,"20":0,"21":7,"22":1,"23":1,"24":1,"25":2},"f":{"0":7,"1":3,"2":1,"3":3,"4":1,"5":0,"6":1,"7":1,"8":1,"9":2},"b":{"0":[2,1],"1":[2,1],"2":[1,2],"3":[1,0],"4":[7,5],"5":[7,5]},"_coverageSchema":"1a1c01bbd47fc00a2c39e90264f33305004495a9","hash":"5f218d1e961e83b3dd846de7e08f457a63e47ac7"}
,"/home/francesco/repos/frontend_idsa/idsa_frontend/src/components/login/PazienteLogin.jsx": {"path":"/home/francesco/repos/frontend_idsa/idsa_frontend/src/components/login/PazienteLogin.jsx","statementMap":{"0":{"start":{"line":7,"column":30},"end":{"line":7,"column":42}},"1":{"start":{"line":8,"column":36},"end":{"line":8,"column":48}},"2":{"start":{"line":10,"column":32},"end":{"line":13,"column":6}},"3":{"start":{"line":15,"column":22},"end":{"line":15,"column":35}},"4":{"start":{"line":18,"column":20},"end":{"line":18,"column":24}},"5":{"start":{"line":19,"column":27},"end":{"line":19,"column":40}},"6":{"start":{"line":21,"column":8},"end":{"line":24,"column":9}},"7":{"start":{"line":22,"column":12},"end":{"line":22,"column":52}},"8":{"start":{"line":23,"column":12},"end":{"line":23,"column":26}},"9":{"start":{"line":26,"column":8},"end":{"line":29,"column":9}},"10":{"start":{"line":27,"column":12},"end":{"line":27,"column":55}},"11":{"start":{"line":28,"column":12},"end":{"line":28,"column":26}},"12":{"start":{"line":31,"column":8},"end":{"line":31,"column":30}},"13":{"start":{"line":33,"column":8},"end":{"line":33,"column":21}},"14":{"start":{"line":37,"column":8},"end":{"line":37,"column":22}},"15":{"start":{"line":41,"column":8},"end":{"line":41,"column":27}},"16":{"start":{"line":43,"column":8},"end":{"line":51,"column":9}},"17":{"start":{"line":44,"column":12},"end":{"line":50,"column":14}},"18":{"start":{"line":45,"column":16},"end":{"line":47,"column":17}},"19":{"start":{"line":46,"column":20},"end":{"line":46,"column":56}},"20":{"start":{"line":49,"column":16},"end":{"line":49,"column":37}},"21":{"start":{"line":54,"column":4},"end":{"line":90,"column":5}},"22":{"start":{"line":60,"column":47},"end":{"line":60,"column":90}},"23":{"start":{"line":68,"column":53},"end":{"line":68,"column":77}},"24":{"start":{"line":79,"column":53},"end":{"line":79,"column":80}},"25":{"start":{"line":84,"column":80},"end":{"line":84,"column":123}}},"fnMap":{"0":{"name":"PazienteLogin","decl":{"start":{"line":5,"column":24},"end":{"line":5,"column":37}},"loc":{"start":{"line":5,"column":39},"end":{"line":91,"column":1}},"line":5},"1":{"name":"validateForm","decl":{"start":{"line":17,"column":13},"end":{"line":17,"column":25}},"loc":{"start":{"line":17,"column":28},"end":{"line":34,"column":5}},"line":17},"2":{"name":"tornaIndietro","decl":{"start":{"line":36,"column":13},"end":{"line":36,"column":26}},"loc":{"start":{"line":36,"column":29},"end":{"line":38,"column":5}},"line":36},"3":{"name":"loginPazienteEvaluation","decl":{"start":{"line":40,"column":13},"end":{"line":40,"column":36}},"loc":{"start":{"line":40,"column":57},"end":{"line":52,"column":5}},"line":40},"4":{"name":"(anonymous_4)","decl":{"start":{"line":44,"column":40},"end":{"line":44,"column":41}},"loc":{"start":{"line":44,"column":54},"end":{"line":48,"column":13}},"line":44},"5":{"name":"(anonymous_5)","decl":{"start":{"line":48,"column":21},"end":{"line":48,"column":22}},"loc":{"start":{"line":48,"column":30},"end":{"line":50,"column":13}},"line":48},"6":{"name":"(anonymous_6)","decl":{"start":{"line":60,"column":40},"end":{"line":60,"column":41}},"loc":{"start":{"line":60,"column":47},"end":{"line":60,"column":90}},"line":60},"7":{"name":"(anonymous_7)","decl":{"start":{"line":68,"column":46},"end":{"line":68,"column":47}},"loc":{"start":{"line":68,"column":53},"end":{"line":68,"column":77}},"line":68},"8":{"name":"(anonymous_8)","decl":{"start":{"line":79,"column":46},"end":{"line":79,"column":47}},"loc":{"start":{"line":79,"column":53},"end":{"line":79,"column":80}},"line":79},"9":{"name":"(anonymous_9)","decl":{"start":{"line":84,"column":73},"end":{"line":84,"column":74}},"loc":{"start":{"line":84,"column":80},"end":{"line":84,"column":123}},"line":84}},"branchMap":{"0":{"loc":{"start":{"line":21,"column":8},"end":{"line":24,"column":9}},"type":"if","locations":[{"start":{"line":21,"column":8},"end":{"line":24,"column":9}},{"start":{},"end":{}}],"line":21},"1":{"loc":{"start":{"line":26,"column":8},"end":{"line":29,"column":9}},"type":"if","locations":[{"start":{"line":26,"column":8},"end":{"line":29,"column":9}},{"start":{},"end":{}}],"line":26},"2":{"loc":{"start":{"line":43,"column":8},"end":{"line":51,"column":9}},"type":"if","locations":[{"start":{"line":43,"column":8},"end":{"line":51,"column":9}},{"start":{},"end":{}}],"line":43},"3":{"loc":{"start":{"line":45,"column":16},"end":{"line":47,"column":17}},"type":"if","locations":[{"start":{"line":45,"column":16},"end":{"line":47,"column":17}},{"start":{},"end":{}}],"line":45},"4":{"loc":{"start":{"line":70,"column":33},"end":{"line":70,"column":74}},"type":"binary-expr","locations":[{"start":{"line":70,"column":33},"end":{"line":70,"column":45}},{"start":{"line":70,"column":49},"end":{"line":70,"column":74}}],"line":70},"5":{"loc":{"start":{"line":81,"column":33},"end":{"line":81,"column":80}},"type":"binary-expr","locations":[{"start":{"line":81,"column":33},"end":{"line":81,"column":48}},{"start":{"line":81,"column":52},"end":{"line":81,"column":80}}],"line":81}},"s":{"0":7,"1":7,"2":7,"3":7,"4":3,"5":3,"6":3,"7":2,"8":2,"9":3,"10":2,"11":2,"12":3,"13":3,"14":1,"15":3,"16":3,"17":1,"18":1,"19":1,"20":0,"21":7,"22":1,"23":1,"24":1,"25":2},"f":{"0":7,"1":3,"2":1,"3":3,"4":1,"5":0,"6":1,"7":1,"8":1,"9":2},"b":{"0":[2,1],"1":[2,1],"2":[1,2],"3":[1,0],"4":[7,5],"5":[7,5]},"_coverageSchema":"1a1c01bbd47fc00a2c39e90264f33305004495a9","hash":"8b24d726e659048cd2c971979c4cca36f0438fa1"}
,"/home/francesco/repos/frontend_idsa/idsa_frontend/src/components/viste/AppuntamentoForm.jsx": {"path":"/home/francesco/repos/frontend_idsa/idsa_frontend/src/components/viste/AppuntamentoForm.jsx","statementMap":{"0":{"start":{"line":12,"column":32},"end":{"line":12,"column":47}},"1":{"start":{"line":13,"column":39},"end":{"line":13,"column":51}},"2":{"start":{"line":14,"column":35},"end":{"line":14,"column":47}},"3":{"start":{"line":15,"column":35},"end":{"line":15,"column":47}},"4":{"start":{"line":16,"column":31},"end":{"line":16,"column":43}},"5":{"start":{"line":18,"column":21},"end":{"line":18,"column":32}},"6":{"start":{"line":20,"column":32},"end":{"line":26,"column":6}},"7":{"start":{"line":28,"column":22},"end":{"line":28,"column":35}},"8":{"start":{"line":30,"column":4},"end":{"line":42,"column":16}},"9":{"start":{"line":31,"column":8},"end":{"line":41,"column":9}},"10":{"start":{"line":32,"column":12},"end":{"line":40,"column":14}},"11":{"start":{"line":33,"column":16},"end":{"line":33,"column":47}},"12":{"start":{"line":34,"column":16},"end":{"line":34,"column":51}},"13":{"start":{"line":35,"column":16},"end":{"line":35,"column":47}},"14":{"start":{"line":36,"column":16},"end":{"line":36,"column":47}},"15":{"start":{"line":37,"column":16},"end":{"line":37,"column":43}},"16":{"start":{"line":39,"column":16},"end":{"line":39,"column":37}},"17":{"start":{"line":45,"column":8},"end":{"line":45,"column":27}},"18":{"start":{"line":47,"column":8},"end":{"line":56,"column":9}},"19":{"start":{"line":48,"column":33},"end":{"line":49,"column":67}},"20":{"start":{"line":50,"column":12},"end":{"line":50,"column":37}},"21":{"start":{"line":51,"column":12},"end":{"line":54,"column":14}},"22":{"start":{"line":53,"column":16},"end":{"line":53,"column":37}},"23":{"start":{"line":55,"column":12},"end":{"line":55,"column":40}},"24":{"start":{"line":60,"column":20},"end":{"line":60,"column":24}},"25":{"start":{"line":61,"column":27},"end":{"line":61,"column":40}},"26":{"start":{"line":63,"column":8},"end":{"line":69,"column":9}},"27":{"start":{"line":64,"column":12},"end":{"line":64,"column":40}},"28":{"start":{"line":67,"column":12},"end":{"line":67,"column":57}},"29":{"start":{"line":68,"column":12},"end":{"line":68,"column":26}},"30":{"start":{"line":71,"column":8},"end":{"line":77,"column":9}},"31":{"start":{"line":72,"column":12},"end":{"line":72,"column":38}},"32":{"start":{"line":75,"column":12},"end":{"line":75,"column":53}},"33":{"start":{"line":76,"column":12},"end":{"line":76,"column":26}},"34":{"start":{"line":79,"column":8},"end":{"line":85,"column":9}},"35":{"start":{"line":80,"column":12},"end":{"line":80,"column":38}},"36":{"start":{"line":83,"column":12},"end":{"line":83,"column":53}},"37":{"start":{"line":84,"column":12},"end":{"line":84,"column":26}},"38":{"start":{"line":87,"column":8},"end":{"line":93,"column":9}},"39":{"start":{"line":88,"column":12},"end":{"line":88,"column":36}},"40":{"start":{"line":91,"column":12},"end":{"line":91,"column":49}},"41":{"start":{"line":92,"column":12},"end":{"line":92,"column":26}},"42":{"start":{"line":95,"column":8},"end":{"line":95,"column":30}},"43":{"start":{"line":97,"column":8},"end":{"line":97,"column":21}},"44":{"start":{"line":101,"column":8},"end":{"line":106,"column":9}},"45":{"start":{"line":102,"column":12},"end":{"line":102,"column":71}},"46":{"start":{"line":105,"column":12},"end":{"line":105,"column":68}},"47":{"start":{"line":110,"column":8},"end":{"line":110,"column":36}},"48":{"start":{"line":113,"column":4},"end":{"line":193,"column":5}},"49":{"start":{"line":132,"column":53},"end":{"line":132,"column":80}},"50":{"start":{"line":147,"column":53},"end":{"line":147,"column":78}},"51":{"start":{"line":162,"column":53},"end":{"line":162,"column":78}},"52":{"start":{"line":177,"column":53},"end":{"line":177,"column":76}}},"fnMap":{"0":{"name":"AppuntamentoForm","decl":{"start":{"line":10,"column":24},"end":{"line":10,"column":40}},"loc":{"start":{"line":10,"column":43},"end":{"line":194,"column":1}},"line":10},"1":{"name":"(anonymous_1)","decl":{"start":{"line":30,"column":14},"end":{"line":30,"column":15}},"loc":{"start":{"line":30,"column":20},"end":{"line":42,"column":5}},"line":30},"2":{"name":"(anonymous_2)","decl":{"start":{"line":32,"column":41},"end":{"line":32,"column":42}},"loc":{"start":{"line":32,"column":55},"end":{"line":38,"column":13}},"line":32},"3":{"name":"(anonymous_3)","decl":{"start":{"line":38,"column":21},"end":{"line":38,"column":22}},"loc":{"start":{"line":38,"column":30},"end":{"line":40,"column":13}},"line":38},"4":{"name":"saveOrUpdateAppuntamento","decl":{"start":{"line":44,"column":13},"end":{"line":44,"column":37}},"loc":{"start":{"line":44,"column":41},"end":{"line":57,"column":5}},"line":44},"5":{"name":"(anonymous_5)","decl":{"start":{"line":51,"column":50},"end":{"line":51,"column":51}},"loc":{"start":{"line":51,"column":64},"end":{"line":52,"column":13}},"line":51},"6":{"name":"(anonymous_6)","decl":{"start":{"line":52,"column":21},"end":{"line":52,"column":22}},"loc":{"start":{"line":52,"column":30},"end":{"line":54,"column":13}},"line":52},"7":{"name":"validateForm","decl":{"start":{"line":59,"column":13},"end":{"line":59,"column":25}},"loc":{"start":{"line":59,"column":28},"end":{"line":98,"column":5}},"line":59},"8":{"name":"pageTitle","decl":{"start":{"line":100,"column":13},"end":{"line":100,"column":22}},"loc":{"start":{"line":100,"column":25},"end":{"line":107,"column":5}},"line":100},"9":{"name":"tornaIndietro","decl":{"start":{"line":109,"column":13},"end":{"line":109,"column":26}},"loc":{"start":{"line":109,"column":29},"end":{"line":111,"column":5}},"line":109},"10":{"name":"(anonymous_10)","decl":{"start":{"line":132,"column":46},"end":{"line":132,"column":47}},"loc":{"start":{"line":132,"column":53},"end":{"line":132,"column":80}},"line":132},"11":{"name":"(anonymous_11)","decl":{"start":{"line":147,"column":46},"end":{"line":147,"column":47}},"loc":{"start":{"line":147,"column":53},"end":{"line":147,"column":78}},"line":147},"12":{"name":"(anonymous_12)","decl":{"start":{"line":162,"column":46},"end":{"line":162,"column":47}},"loc":{"start":{"line":162,"column":53},"end":{"line":162,"column":78}},"line":162},"13":{"name":"(anonymous_13)","decl":{"start":{"line":177,"column":46},"end":{"line":177,"column":47}},"loc":{"start":{"line":177,"column":53},"end":{"line":177,"column":76}},"line":177}},"branchMap":{"0":{"loc":{"start":{"line":31,"column":8},"end":{"line":41,"column":9}},"type":"if","locations":[{"start":{"line":31,"column":8},"end":{"line":41,"column":9}},{"start":{},"end":{}}],"line":31},"1":{"loc":{"start":{"line":47,"column":8},"end":{"line":56,"column":9}},"type":"if","locations":[{"start":{"line":47,"column":8},"end":{"line":56,"column":9}},{"start":{},"end":{}}],"line":47},"2":{"loc":{"start":{"line":63,"column":8},"end":{"line":69,"column":9}},"type":"if","locations":[{"start":{"line":63,"column":8},"end":{"line":69,"column":9}},{"start":{"line":66,"column":13},"end":{"line":69,"column":9}}],"line":63},"3":{"loc":{"start":{"line":71,"column":8},"end":{"line":77,"column":9}},"type":"if","locations":[{"start":{"line":71,"column":8},"end":{"line":77,"column":9}},{"start":{"line":74,"column":13},"end":{"line":77,"column":9}}],"line":71},"4":{"loc":{"start":{"line":79,"column":8},"end":{"line":85,"column":9}},"type":"if","locations":[{"start":{"line":79,"column":8},"end":{"line":85,"column":9}},{"start":{"line":82,"column":13},"end":{"line":85,"column":9}}],"line":79},"5":{"loc":{"start":{"line":87,"column":8},"end":{"line":93,"column":9}},"type":"if","locations":[{"start":{"line":87,"column":8},"end":{"line":93,"column":9}},{"start":{"line":90,"column":13},"end":{"line":93,"column":9}}],"line":87},"6":{"loc":{"start":{"line":101,"column":8},"end":{"line":106,"column":9}},"type":"if","locations":[{"start":{"line":101,"column":8},"end":{"line":106,"column":9}},{"start":{"line":104,"column":13},"end":{"line":106,"column":9}}],"line":101},"7":{"loc":{"start":{"line":131,"column":64},"end":{"line":131,"column":101}},"type":"cond-expr","locations":[{"start":{"line":131,"column":85},"end":{"line":131,"column":97}},{"start":{"line":131,"column":99},"end":{"line":131,"column":101}}],"line":131},"8":{"loc":{"start":{"line":135,"column":34},"end":{"line":135,"column":119}},"type":"binary-expr","locations":[{"start":{"line":135,"column":34},"end":{"line":135,"column":52}},{"start":{"line":135,"column":56},"end":{"line":135,"column":119}}],"line":135},"9":{"loc":{"start":{"line":146,"column":64},"end":{"line":146,"column":99}},"type":"cond-expr","locations":[{"start":{"line":146,"column":83},"end":{"line":146,"column":95}},{"start":{"line":146,"column":97},"end":{"line":146,"column":99}}],"line":146},"10":{"loc":{"start":{"line":150,"column":34},"end":{"line":150,"column":115}},"type":"binary-expr","locations":[{"start":{"line":150,"column":34},"end":{"line":150,"column":50}},{"start":{"line":150,"column":54},"end":{"line":150,"column":115}}],"line":150},"11":{"loc":{"start":{"line":161,"column":64},"end":{"line":161,"column":99}},"type":"cond-expr","locations":[{"start":{"line":161,"column":83},"end":{"line":161,"column":95}},{"start":{"line":161,"column":97},"end":{"line":161,"column":99}}],"line":161},"12":{"loc":{"start":{"line":165,"column":34},"end":{"line":165,"column":115}},"type":"binary-expr","locations":[{"start":{"line":165,"column":34},"end":{"line":165,"column":50}},{"start":{"line":165,"column":54},"end":{"line":165,"column":115}}],"line":165},"13":{"loc":{"start":{"line":176,"column":64},"end":{"line":176,"column":97}},"type":"cond-expr","locations":[{"start":{"line":176,"column":81},"end":{"line":176,"column":93}},{"start":{"line":176,"column":95},"end":{"line":176,"column":97}}],"line":176},"14":{"loc":{"start":{"line":180,"column":34},"end":{"line":180,"column":111}},"type":"binary-expr","locations":[{"start":{"line":180,"column":34},"end":{"line":180,"column":48}},{"start":{"line":180,"column":52},"end":{"line":180,"column":111}}],"line":180}},"s":{"0":9,"1":9,"2":9,"3":9,"4":9,"5":9,"6":9,"7":9,"8":9,"9":3,"10":0,"11":0,"12":0,"13":0,"14":0,"15":0,"16":0,"17":2,"18":2,"19":1,"20":1,"21":1,"22":0,"23":1,"24":2,"25":2,"26":2,"27":1,"28":1,"29":1,"30":2,"31":1,"32":1,"33":1,"34":2,"35":1,"36":1,"37":1,"38":2,"39":1,"40":1,"41":1,"42":2,"43":2,"44":9,"45":0,"46":9,"47":0,"48":9,"49":1,"50":1,"51":1,"52":1},"f":{"0":9,"1":3,"2":0,"3":0,"4":2,"5":1,"6":0,"7":2,"8":9,"9":0,"10":1,"11":1,"12":1,"13":1},"b":{"0":[0,3],"1":[1,1],"2":[1,1],"3":[1,1],"4":[1,1],"5":[1,1],"6":[0,9],"7":[1,8],"8":[9,1],"9":[1,8],"10":[9,1],"11":[1,8],"12":[9,1],"13":[1,8],"14":[9,1]},"_coverageSchema":"1a1c01bbd47fc00a2c39e90264f33305004495a9","hash":"cd4b54917ccab8e518a9e26ff35b4cc296c2dee0"}
,"/home/francesco/repos/frontend_idsa/idsa_frontend/src/components/viste/ProfiloMedico.jsx": {"path":"/home/francesco/repos/frontend_idsa/idsa_frontend/src/components/viste/ProfiloMedico.jsx","statementMap":{"0":{"start":{"line":6,"column":32},"end":{"line":6,"column":47}},"1":{"start":{"line":8,"column":28},"end":{"line":8,"column":40}},"2":{"start":{"line":9,"column":34},"end":{"line":9,"column":46}},"3":{"start":{"line":10,"column":37},"end":{"line":10,"column":49}},"4":{"start":{"line":11,"column":35},"end":{"line":11,"column":47}},"5":{"start":{"line":12,"column":30},"end":{"line":12,"column":42}},"6":{"start":{"line":13,"column":36},"end":{"line":13,"column":48}},"7":{"start":{"line":14,"column":38},"end":{"line":14,"column":50}},"8":{"start":{"line":15,"column":38},"end":{"line":15,"column":50}},"9":{"start":{"line":17,"column":26},"end":{"line":17,"column":37}},"10":{"start":{"line":19,"column":32},"end":{"line":27,"column":6}},"11":{"start":{"line":29,"column":22},"end":{"line":29,"column":35}},"12":{"start":{"line":31,"column":4},"end":{"line":46,"column":19}},"13":{"start":{"line":32,"column":8},"end":{"line":45,"column":9}},"14":{"start":{"line":33,"column":12},"end":{"line":44,"column":14}},"15":{"start":{"line":34,"column":16},"end":{"line":34,"column":44}},"16":{"start":{"line":35,"column":16},"end":{"line":35,"column":50}},"17":{"start":{"line":36,"column":16},"end":{"line":36,"column":53}},"18":{"start":{"line":37,"column":16},"end":{"line":37,"column":51}},"19":{"start":{"line":38,"column":16},"end":{"line":38,"column":46}},"20":{"start":{"line":39,"column":16},"end":{"line":39,"column":52}},"21":{"start":{"line":40,"column":16},"end":{"line":40,"column":54}},"22":{"start":{"line":41,"column":16},"end":{"line":41,"column":54}},"23":{"start":{"line":43,"column":16},"end":{"line":43,"column":37}},"24":{"start":{"line":49,"column":8},"end":{"line":49,"column":27}},"25":{"start":{"line":50,"column":8},"end":{"line":67,"column":9}},"26":{"start":{"line":51,"column":27},"end":{"line":51,"column":95}},"27":{"start":{"line":52,"column":12},"end":{"line":65,"column":13}},"28":{"start":{"line":53,"column":16},"end":{"line":57,"column":18}},"29":{"start":{"line":54,"column":20},"end":{"line":54,"column":65}},"30":{"start":{"line":56,"column":20},"end":{"line":56,"column":41}},"31":{"start":{"line":60,"column":16},"end":{"line":64,"column":18}},"32":{"start":{"line":61,"column":20},"end":{"line":61,"column":65}},"33":{"start":{"line":63,"column":20},"end":{"line":63,"column":41}},"34":{"start":{"line":66,"column":12},"end":{"line":66,"column":32}},"35":{"start":{"line":71,"column":20},"end":{"line":71,"column":24}},"36":{"start":{"line":72,"column":27},"end":{"line":72,"column":40}},"37":{"start":{"line":74,"column":8},"end":{"line":80,"column":9}},"38":{"start":{"line":75,"column":12},"end":{"line":75,"column":33}},"39":{"start":{"line":78,"column":12},"end":{"line":78,"column":46}},"40":{"start":{"line":79,"column":12},"end":{"line":79,"column":26}},"41":{"start":{"line":82,"column":8},"end":{"line":88,"column":9}},"42":{"start":{"line":83,"column":12},"end":{"line":83,"c
[...]
ary-expr","locations":[{"start":{"line":185,"column":34},"end":{"line":185,"column":47}},{"start":{"line":185,"column":51},"end":{"line":185,"column":109}}],"line":185},"16":{"loc":{"start":{"line":196,"column":64},"end":{"line":196,"column":92}},"type":"cond-expr","locations":[{"start":{"line":196,"column":76},"end":{"line":196,"column":88}},{"start":{"line":196,"column":90},"end":{"line":196,"column":92}}],"line":196},"17":{"loc":{"start":{"line":200,"column":34},"end":{"line":200,"column":101}},"type":"binary-expr","locations":[{"start":{"line":200,"column":34},"end":{"line":200,"column":43}},{"start":{"line":200,"column":47},"end":{"line":200,"column":101}}],"line":200},"18":{"loc":{"start":{"line":211,"column":64},"end":{"line":211,"column":95}},"type":"cond-expr","locations":[{"start":{"line":211,"column":79},"end":{"line":211,"column":91}},{"start":{"line":211,"column":93},"end":{"line":211,"column":95}}],"line":211},"19":{"loc":{"start":{"line":215,"column":34},"end":{"line":215,"column":107}},"type":"binary-expr","locations":[{"start":{"line":215,"column":34},"end":{"line":215,"column":46}},{"start":{"line":215,"column":50},"end":{"line":215,"column":107}}],"line":215},"20":{"loc":{"start":{"line":226,"column":64},"end":{"line":226,"column":98}},"type":"cond-expr","locations":[{"start":{"line":226,"column":82},"end":{"line":226,"column":94}},{"start":{"line":226,"column":96},"end":{"line":226,"column":98}}],"line":226},"21":{"loc":{"start":{"line":229,"column":34},"end":{"line":229,"column":113}},"type":"binary-expr","locations":[{"start":{"line":229,"column":34},"end":{"line":229,"column":49}},{"start":{"line":229,"column":53},"end":{"line":229,"column":113}}],"line":229}},"s":{"0":12,"1":12,"2":12,"3":12,"4":12,"5":12,"6":12,"7":12,"8":12,"9":12,"10":4,"11":2,"12":2,"13":2,"14":2,"15":2,"16":2,"17":2,"18":0,"19":2,"20":2,"21":2,"22":2,"23":1,"24":1,"25":0,"26":1,"27":1,"28":1,"29":0,"30":2,"31":2,"32":2,"33":2,"34":2,"35":0,"36":0,"37":2,"38":2,"39":0,"40":0,"41":2,"42":2,"43":0,"44":0,"45":2,"46":2,"47":0,"48":0,"49":2,"50":2,"51":0,"52":0,"53":2,"54":2,"55":0,"56":0,"57":2,"58":2,"59":12,"60":4,"61":8,"62":0,"63":12,"64":1,"65":1,"66":1,"67":1,"68":1,"69":1},"f":{"0":12,"1":4,"2":2,"3":0,"4":2,"5":1,"6":0,"7":1,"8":0,"9":2,"10":12,"11":0,"12":1,"13":1,"14":1,"15":1,"16":1,"17":1},"b":{"0":[2,2],"1":[2,0],"2":[1,1],"3":[2,0],"4":[2,0],"5":[2,0],"6":[2,0],"7":[2,0],"8":[2,0],"9":[4,8],"10":[0,12],"11":[12,0],"12":[0,12],"13":[12,0],"14":[0,12],"15":[12,0],"16":[0,12],"17":[12,0],"18":[0,12],"19":[12,0],"20":[0,12],"21":[12,0]},"_coverageSchema":"1a1c01bbd47fc00a2c39e90264f33305004495a9","hash":"607eccd5de3d22a7d8ca87615c6b074866677078"}
,"/home/francesco/repos/frontend_idsa/idsa_frontend/src/components/viste/RisultatoForm.jsx": {"path":"/home/francesco/repos/frontend_idsa/idsa_frontend/src/components/viste/RisultatoForm.jsx","statementMap":{"0":{"start":{"line":7,"column":37},"end":{"line":7,"column":48}},"1":{"start":{"line":9,"column":34},"end":{"line":9,"column":46}},"2":{"start":{"line":10,"column":32},"end":{"line":10,"column":44}},"3":{"start":{"line":11,"column":47},"end":{"line":11,"column":62}},"4":{"start":{"line":13,"column":32},"end":{"line":16,"column":6}},"5":{"start":{"line":18,"column":22},"end":{"line":18,"column":35}},"6":{"start":{"line":20,"column":4},"end":{"line":31,"column":15}},"7":{"start":{"line":21,"column":8},"end":{"line":30,"column":9}},"8":{"start":{"line":22,"column":12},"end":{"line":29,"column":14}},"9":{"start":{"line":23,"column":16},"end":{"line":23,"column":49}},"10":{"start":{"line":24,"column":16},"end":{"line":24,"column":47}},"11":{"start":{"line":25,"column":16},"end":{"line":25,"column":62}},"12":{"start":{"line":28,"column":16},"end":{"line":28,"column":37}},"13":{"start":{"line":34,"column":8},"end":{"line":34,"column":27}},"14":{"start":{"line":36,"column":8},"end":{"line":53,"column":9}},"15":{"start":{"line":37,"column":30},"end":{"line":37,"column":66}},"16":{"start":{"line":39,"column":12},"end":{"line":51,"column":13}},"17":{"start":{"line":40,"column":16},"end":{"line":44,"column":18}},"18":{"start":{"line":43,"column":20},"end":{"line":43,"column":41}},"19":{"start":{"line":47,"column":16},"end":{"line":50,"column":18}},"20":{"start":{"line":49,"column":20},"end":{"line":49,"column":41}},"21":{"start":{"line":52,"column":12},"end":{"line":52,"column":56}},"22":{"start":{"line":57,"column":20},"end":{"line":57,"column":24}},"23":{"start":{"line":58,"column":27},"end":{"line":58,"column":38}},"24":{"start":{"line":60,"column":8},"end":{"line":66,"column":9}},"25":{"start":{"line":61,"column":12},"end":{"line":61,"column":36}},"26":{"start":{"line":64,"column":12},"end":{"line":64,"column":52}},"27":{"start":{"line":65,"column":12},"end":{"line":65,"column":26}},"28":{"start":{"line":68,"column":8},"end":{"line":74,"column":9}},"29":{"start":{"line":69,"column":12},"end":{"line":69,"column":35}},"30":{"start":{"line":72,"column":12},"end":{"line":72,"column":56}},"31":{"start":{"line":73,"column":12},"end":{"line":73,"column":26}},"32":{"start":{"line":76,"column":8},"end":{"line":76,"column":30}},"33":{"start":{"line":78,"column":8},"end":{"line":78,"column":21}},"34":{"start":{"line":82,"column":8},"end":{"line":82,"column":52}},"35":{"start":{"line":85,"column":4},"end":{"line":109,"column":5}},"36":{"start":{"line":94,"column":154},"end":{"line":94,"column":180}},"37":{"start":{"line":99,"column":157},"end":{"line":99,"column":182}}},"fnMap":{"0":{"name":"RisultatoForm","decl":{"start":{"line":5,"column":24},"end":{"line":5,"column":37}},"loc":{"start":{"line":5,"column":40},"end":{"line":110,"column":1}},"line":5},"1":{"name":"(anonymous_1)","decl":{"start":{"line":20,"column":14},"end":{"line":20,"column":15}},"loc":{"start":{"line":20,"column":20},"end":{"line":31,"column":5}},"line":20},"2":{"name":"(anonymous_2)","decl":{"start":{"line":22,"column":35},"end":{"line":22,"column":36}},"loc":{"start":{"line":22,"column":49},"end":{"line":26,"column":13}},"line":22},"3":{"name":"(anonymous_3)","decl":{"start":{"line":27,"column":20},"end":{"line":27,"column":21}},"loc":{"start":{"line":27,"column":29},"end":{"line":29,"column":13}},"line":27},"4":{"name":"saveRisultato","decl":{"start":{"line":33,"column":13},"end":{"line":33,"column":26}},"loc":{"start":{"line":33,"column":30},"end":{"line":54,"column":5}},"line":33},"5":{"name":"(anonymous_5)","decl":{"start":{"line":40,"column":53},"end":{"line":40,"column":54}},"loc":{"start":{"line":40,"column":67},"end":{"line":41,"column":17}},"line":40},"6":{"name":"(anonymous_6)","decl":{"start":{"line":42,"column":24},"end":{"line":42,"column":25}},"loc":{"start":{"line":42,"column":33},"end":{"line":44,"column":17}},"line":42},"7":{"name":"(anonymous_7)","decl":{"start":{"line":47,"column":46},"end":{"line":47,"column":47}},"loc":{"start":{"line":47,"column":60},"end":{"line":48,"column":17}},"line":47},"8":{"name":"(anonymous_8)","decl":{"start":{"line":48,"column":25},"end":{"line":48,"column":26}},"loc":{"start":{"line":48,"column":34},"end":{"line":50,"column":17}},"line":48},"9":{"name":"validateForm","decl":{"start":{"line":56,"column":13},"end":{"line":56,"column":25}},"loc":{"start":{"line":56,"column":28},"end":{"line":79,"column":5}},"line":56},"10":{"name":"tornaIndietro","decl":{"start":{"line":81,"column":13},"end":{"line":81,"column":26}},"loc":{"start":{"line":81,"column":29},"end":{"line":83,"column":5}},"line":81},"11":{"name":"(anonymous_11)","decl":{"start":{"line":94,"column":147},"end":{"line":94,"column":148}},"loc":{"start":{"line":94,"column":154},"end":{"line":94,"column":180}},"line":94},"12":{"name":"(anonymous_12)","decl":{"start":{"line":99,"column":150},"end":{"line":99,"column":151}},"loc":{"start":{"line":99,"column":157},"end":{"line":99,"column":182}},"line":99}},"branchMap":{"0":{"loc":{"start":{"line":21,"column":8},"end":{"line":30,"column":9}},"type":"if","locations":[{"start":{"line":21,"column":8},"end":{"line":30,"column":9}},{"start":{},"end":{}}],"line":21},"1":{"loc":{"start":{"line":36,"column":8},"end":{"line":53,"column":9}},"type":"if","locations":[{"start":{"line":36,"column":8},"end":{"line":53,"column":9}},{"start":{},"end":{}}],"line":36},"2":{"loc":{"start":{"line":39,"column":12},"end":{"line":51,"column":13}},"type":"if","locations":[{"start":{"line":39,"column":12},"end":{"line":51,"column":13}},{"start":{"line":46,"column":17},"end":{"line":51,"column":13}}],"line":39},"3":{"loc":{"start":{"line":60,"column":8},"end":{"line":66,"column":9}},"type":"if","locations":[{"start":{"line":60,"column":8},"end":{"line":66,"column":9}},{"start":{"line":63,"column":13},"end":{"line":66,"column":9}}],"line":60},"4":{"loc":{"start":{"line":68,"column":8},"end":{"line":74,"column":9}},"type":"if","locations":[{"start":{"line":68,"column":8},"end":{"line":74,"column":9}},{"start":{"line":71,"column":13},"end":{"line":74,"column":9}}],"line":68},"5":{"loc":{"start":{"line":96,"column":30},"end":{"line":96,"column":99}},"type":"binary-expr","locations":[{"start":{"line":96,"column":30},"end":{"line":96,"column":44}},{"start":{"line":96,"column":48},"end":{"line":96,"column":99}}],"line":96},"6":{"loc":{"start":{"line":101,"column":30},"end":{"line":101,"column":97}},"type":"binary-expr","locations":[{"start":{"line":101,"column":30},"end":{"line":101,"column":43}},{"start":{"line":101,"column":47},"end":{"line":101,"column":97}}],"line":101}},"s":{"0":7,"1":7,"2":7,"3":7,"4":7,"5":7,"6":7,"7":3,"8":0,"9":0,"10":0,"11":0,"12":0,"13":2,"14":2,"15":1,"16":1,"17":0,"18":0,"19":1,"20":0,"21":1,"22":2,"23":2,"24":2,"25":1,"26":1,"27":1,"28":2,"29":1,"30":1,"31":1,"32":2,"33":2,"34":0,"35":7,"36":1,"37":1},"f":{"0":7,"1":3,"2":0,"3":0,"4":2,"5":0,"6":0,"7":1,"8":0,"9":2,"10":0,"11":1,"12":1},"b":{"0":[0,3],"1":[1,1],"2":[0,1],"3":[1,1],"4":[1,1],"5":[7,1],"6":[7,1]},"_coverageSchema":"1a1c01bbd47fc00a2c39e90264f33305004495a9","hash":"72e4cdef16432848077d17ab0f505c380ca71d2c"}
,"/home/francesco/repos/frontend_idsa/idsa_frontend/src/services/AppuntamentiService.jsx": {"path":"/home/francesco/repos/frontend_idsa/idsa_frontend/src/services/AppuntamentiService.jsx","statementMap":{"0":{"start":{"line":3,"column":26},"end":{"line":3,"column":66}},"1":{"start":{"line":5,"column":32},"end":{"line":5,"column":66}},"2":{"start":{"line":5,"column":38},"end":{"line":5,"column":66}},"3":{"start":{"line":7,"column":34},"end":{"line":7,"column":95}},"4":{"start":{"line":7,"column":52},"end":{"line":7,"column":95}},"5":{"start":{"line":9,"column":31},"end":{"line":9,"column":86}},"6":{"start":{"line":9,"column":43},"end":{"line":9,"column":86}},"7":{"start":{"line":11,"column":34},"end":{"line":11,"column":117}},"8":{"start":{"line":11,"column":60},"end":{"line":11,"column":117}},"9":{"start":{"line":13,"column":34},"end":{"line":13,"column":92}},"10":{"start":{"line":13,"column":46},"end":{"line":13,"column":92}},"11":{"start":{"line":15,"column":38},"end":{"line":15,"column":106}},"12":{"start":{"line":15,"column":53},"end":{"line":15,"column":106}},"13":{"start":{"line":17,"column":40},"end":{"line":17,"column":114}},"14":{"start":{"line":17,"column":57},"end":{"line":17,"column":114}}},"fnMap":{"0":{"name":"(anonymous_0)","decl":{"start":{"line":5,"column":32},"end":{"line":5,"column":33}},"loc":{"start":{"line":5,"column":38},"end":{"line":5,"column":66}},"line":5},"1":{"name":"(anonymous_1)","decl":{"start":{"line":7,"column":34},"end":{"line":7,"column":35}},"loc":{"start":{"line":7,"column":52},"end":{"line":7,"column":95}},"line":7},"2":{"name":"(anonymous_2)","decl":{"start":{"line":9,"column":31},"end":{"line":9,"column":32}},"loc":{"start":{"line":9,"column":43},"end":{"line":9,"column":86}},"line":9},"3":{"name":"(anonymous_3)","decl":{"start":{"line":11,"column":34},"end":{"line":11,"column":35}},"loc":{"start":{"line":11,"column":60},"end":{"line":11,"column":117}},"line":11},"4":{"name":"(anonymous_4)","decl":{"start":{"line":13,"column":34},"end":{"line":13,"column":35}},"loc":{"start":{"line":13,"column":46},"end":{"line":13,"column":92}},"line":13},"5":{"name":"(anonymous_5)","decl":{"start":{"line":15,"column":38},"end":{"line":15,"column":39}},"loc":{"start":{"line":15,"column":53},"end":{"line":15,"column":106}},"line":15},"6":{"name":"(anonymous_6)","decl":{"start":{"line":17,"column":40},"end":{"line":17,"column":41}},"loc":{"start":{"line":17,"column":57},"end":{"line":17,"column":114}},"line":17}},"branchMap":{},"s":{"0":5,"1":5,"2":0,"3":5,"4":0,"5":5,"6":0,"7":5,"8":0,"9":5,"10":0,"11":5,"12":0,"13":5,"14":0},"f":{"0":0,"1":0,"2":0,"3":0,"4":0,"5":0,"6":0},"b":{},"_coverageSchema":"1a1c01bbd47fc00a2c39e90264f33305004495a9","hash":"338adee561548a9bca38e48c72c410a64e06daf6"}
,"/home/francesco/repos/frontend_idsa/idsa_frontend/src/services/RefertoService.jsx": {"path":"/home/francesco/repos/frontend_idsa/idsa_frontend/src/services/RefertoService.jsx","statementMap":{"0":{"start":{"line":3,"column":26},"end":{"line":3,"column":63}},"1":{"start":{"line":5,"column":27},"end":{"line":5,"column":61}},"2":{"start":{"line":5,"column":33},"end":{"line":5,"column":61}},"3":{"start":{"line":7,"column":29},"end":{"line":7,"column":80}},"4":{"start":{"line":7,"column":42},"end":{"line":7,"column":80}},"5":{"start":{"line":9,"column":26},"end":{"line":9,"column":89}},"6":{"start":{"line":9,"column":42},"end":{"line":9,"column":89}},"7":{"start":{"line":11,"column":29},"end":{"line":11,"column":110}},"8":{"start":{"line":11,"column":54},"end":{"line":11,"column":110}},"9":{"start":{"line":13,"column":29},"end":{"line":13,"column":95}},"10":{"start":{"line":13,"column":45},"end":{"line":13,"column":95}},"11":{"start":{"line":15,"column":37},"end":{"line":15,"column":111}},"12":{"start":{"line":15,"column":54},"end":{"line":15,"column":111}},"13":{"start":{"line":17,"column":41},"end":{"line":17,"column":109}},"14":{"start":{"line":17,"column":53},"end":{"line":17,"column":109}}},"fnMap":{"0":{"name":"(anonymous_0)","decl":{"start":{"line":5,"column":27},"end":{"line":5,"column":28}},"loc":{"start":{"line":5,"column":33},"end":{"line":5,"column":61}},"line":5},"1":{"name":"(anonymous_1)","decl":{"start":{"line":7,"column":29},"end":{"line":7,"column":30}},"loc":{"start":{"line":7,"column":42},"end":{"line":7,"column":80}},"line":7},"2":{"name":"(anonymous_2)","decl":{"start":{"line":9,"column":26},"end":{"line":9,"column":27}},"loc":{"start":{"line":9,"column":42},"end":{"line":9,"column":89}},"line":9},"3":{"name":"(anonymous_3)","decl":{"start":{"line":11,"column":29},"end":{"line":11,"column":30}},"loc":{"start":{"line":11,"column":54},"end":{"line":11,"column":110}},"line":11},"4":{"name":"(anonymous_4)","decl":{"start":{"line":13,"column":29},"end":{"line":13,"column":30}},"loc":{"start":{"line":13,"column":45},"end":{"line":13,"column":95}},"line":13},"5":{"name":"(anonymous_5)","decl":{"start":{"line":15,"column":37},"end":{"line":15,"column":38}},"loc":{"start":{"line":15,"column":54},"end":{"line":15,"column":111}},"line":15},"6":{"name":"(anonymous_6)","decl":{"start":{"line":17,"column":41},"end":{"line":17,"column":42}},"loc":{"start":{"line":17,"column":53},"end":{"line":17,"column":109}},"line":17}},"branchMap":{},"s":{"0":1,"1":1,"2":0,"3":1,"4":0,"5":1,"6":0,"7":1,"8":0,"9":1,"10":0,"11":1,"12":0,"13":1,"14":0},"f":{"0":0,"1":0,"2":0,"3":0,"4":0,"5":0,"6":0},"b":{},"_coverageSchema":"1a1c01bbd47fc00a2c39e90264f33305004495a9","hash":"7125c71fd4b2795be390265e41cef1ed1643cc0a"}
,"/home/francesco/repos/frontend_idsa/idsa_frontend/src/services/SlotService.jsx": {"path":"/home/francesco/repos/frontend_idsa/idsa_frontend/src/services/SlotService.jsx","statementMap":{"0":{"start":{"line":3,"column":26},"end":{"line":3,"column":59}},"1":{"start":{"line":5,"column":25},"end":{"line":5,"column":59}},"2":{"start":{"line":5,"column":31},"end":{"line":5,"column":59}},"3":{"start":{"line":7,"column":27},"end":{"line":7,"column":74}},"4":{"start":{"line":7,"column":38},"end":{"line":7,"column":74}},"5":{"start":{"line":9,"column":23},"end":{"line":9,"column":80}},"6":{"start":{"line":9,"column":36},"end":{"line":9,"column":80}},"7":{"start":{"line":11,"column":26},"end":{"line":11,"column":95}},"8":{"start":{"line":11,"column":45},"end":{"line":11,"column":95}},"9":{"start":{"line":13,"column":26},"end":{"line":13,"column":102}},"10":{"start":{"line":13,"column":47},"end":{"line":13,"column":102}},"11":{"start":{"line":15,"column":29},"end":{"line":15,"column":73}},"12":{"start":{"line":15,"column":35},"end":{"line":15,"column":73}}},"fnMap":{"0":{"name":"(anonymous_0)","decl":{"start":{"line":5,"column":25},"end":{"line":5,"column":26}},"loc":{"start":{"line":5,"column":31},"end":{"line":5,"column":59}},"line":5},"1":{"name":"(anonymous_1)","decl":{"start":{"line":7,"column":27},"end":{"line":7,"column":28}},"loc":{"start":{"line":7,"column":38},"end":{"line":7,"column":74}},"line":7},"2":{"name":"(anonymous_2)","decl":{"start":{"line":9,"column":23},"end":{"line":9,"column":24}},"loc":{"start":{"line":9,"column":36},"end":{"line":9,"column":80}},"line":9},"3":{"name":"(anonymous_3)","decl":{"start":{"line":11,"column":26},"end":{"line":11,"column":27}},"loc":{"start":{"line":11,"column":45},"end":{"line":11,"column":95}},"line":11},"4":{"name":"(anonymous_4)","decl":{"start":{"line":13,"column":26},"end":{"line":13,"column":27}},"loc":{"start":{"line":13,"column":47},"end":{"line":13,"column":102}},"line":13},"5":{"name":"(anonymous_5)","decl":{"start":{"line":15,"column":29},"end":{"line":15,"column":30}},"loc":{"start":{"line":15,"column":35},"end":{"line":15,"column":73}},"line":15}},"branchMap":{},"s":{"0":2,"1":2,"2":0,"3":2,"4":0,"5":2,"6":0,"7":2,"8":0,"9":2,"10":0,"11":2,"12":0},"f":{"0":0,"1":0,"2":0,"3":0,"4":0,"5":0},"b":{},"_coverageSchema":"1a1c01bbd47fc00a2c39e90264f33305004495a9","hash":"d9ee3f43f0f52655fd3b7fe3b170bbf9f3acbf5e"}
,"/home/francesco/repos/frontend_idsa/idsa_frontend/src/services/VisiteService.jsx": {"path":"/home/francesco/repos/frontend_idsa/idsa_frontend/src/services/VisiteService.jsx","statementMap":{"0":{"start":{"line":3,"column":26},"end":{"line":3,"column":60}},"1":{"start":{"line":5,"column":26},"end":{"line":5,"column":60}},"2":{"start":{"line":5,"column":32},"end":{"line":5,"column":60}},"3":{"start":{"line":7,"column":25},"end":{"line":7,"column":86}},"4":{"start":{"line":7,"column":40},"end":{"line":7,"column":86}},"5":{"start":{"line":9,"column":28},"end":{"line":9,"column":77}},"6":{"start":{"line":9,"column":40},"end":{"line":9,"column":77}},"7":{"start":{"line":11,"column":28},"end":{"line":11,"column":105}},"8":{"start":{"line":11,"column":51},"end":{"line":11,"column":105}},"9":{"start":{"line":13,"column":28},"end":{"line":13,"column":92}},"10":{"start":{"line":13,"column":43},"end":{"line":13,"column":92}}},"fnMap":{"0":{"name":"(anonymous_0)","decl":{"start":{"line":5,"column":26},"end":{"line":5,"column":27}},"loc":{"start":{"line":5,"column":32},"end":{"line":5,"column":60}},"line":5},"1":{"name":"(anonymous_1)","decl":{"start":{"line":7,"column":25},"end":{"line":7,"column":26}},"loc":{"start":{"line":7,"column":40},"end":{"line":7,"column":86}},"line":7},"2":{"name":"(anonymous_2)","decl":{"start":{"line":9,"column":28},"end":{"line":9,"column":29}},"loc":{"start":{"line":9,"column":40},"end":{"line":9,"column":77}},"line":9},"3":{"name":"(anonymous_3)","decl":{"start":{"line":11,"column":28},"end":{"line":11,"column":29}},"loc":{"start":{"line":11,"column":51},"end":{"line":11,"column":105}},"line":11},"4":{"name":"(anonymous_4)","decl":{"start":{"line":13,"column":28},"end":{"line":13,"column":29}},"loc":{"start":{"line":13,"column":43},"end":{"line":13,"column":92}},"line":13}},"branchMap":{},"s":{"0":1,"1":1,"2":0,"3":1,"4":0,"5":1,"6":0,"7":1,"8":0,"9":1,"10":0},"f":{"0":0,"1":0,"2":0,"3":0,"4":0},"b":{},"_coverageSchema":"1a1c01bbd47fc00a2c39e90264f33305004495a9","hash":"ab7a6c5d310a9c764e542e7019a3f96d55c6ef5c"}
}
