TN:
SF:src/adminServices/MedicoService.jsx
FN:6,(anonymous_0)
FN:8,(anonymous_1)
FN:10,(anonymous_2)
FN:12,(anonymous_3)
FN:14,(anonymous_4)
FN:16,(anonymous_5)
FNF:6
FNH:0
FNDA:0,(anonymous_0)
FNDA:0,(anonymous_1)
FNDA:0,(anonymous_2)
FNDA:0,(anonymous_3)
FNDA:0,(anonymous_4)
FNDA:0,(anonymous_5)
DA:3,4
DA:6,4
DA:8,4
DA:10,4
DA:12,4
DA:14,4
DA:16,4
LF:7
LH:7
BRF:0
BRH:0
end_of_record
TN:
SF:src/adminServices/PazienteService.jsx
FN:5,(anonymous_0)
FN:7,(anonymous_1)
FN:9,(anonymous_2)
FN:11,(anonymous_3)
FN:13,(anonymous_4)
FN:15,(anonymous_5)
FNF:6
FNH:0
FNDA:0,(anonymous_0)
FNDA:0,(anonymous_1)
FNDA:0,(anonymous_2)
FNDA:0,(anonymous_3)
FNDA:0,(anonymous_4)
FNDA:0,(anonymous_5)
DA:3,3
DA:5,3
DA:7,3
DA:9,3
DA:11,3
DA:13,3
DA:15,3
LF:7
LH:7
BRF:0
BRH:0
end_of_record
TN:
SF:src/components/admin/ListMedicoComponent.jsx
FN:9,(anonymous_0)
FN:15,(anonymous_1)
FN:19,getAllMedici
FN:20,(anonymous_3)
FN:22,(anonymous_4)
FN:27,addNewMedico
FN:31,updateMedico
FN:35,back2Menu
FN:39,removeMedico
FN:41,(anonymous_9)
FN:43,(anonymous_10)
FN:68,(anonymous_11)
FN:78,(anonymous_12)
FN:79,(anonymous_13)
FNF:14
FNH:5
FNDA:12,(anonymous_0)
FNDA:8,(anonymous_1)
FNDA:8,getAllMedici
FNDA:8,(anonymous_3)
FNDA:0,(anonymous_4)
FNDA:0,addNewMedico
FNDA:0,updateMedico
FNDA:0,back2Menu
FNDA:0,removeMedico
FNDA:0,(anonymous_9)
FNDA:0,(anonymous_10)
FNDA:18,(anonymous_11)
FNDA:0,(anonymous_12)
FNDA:0,(anonymous_13)
DA:9,1
DA:11,12
DA:13,11
DA:15,11
DA:16,8
DA:20,8
DA:21,8
DA:23,0
DA:28,0
DA:32,0
DA:36,0
DA:40,0
DA:41,0
DA:42,0
DA:44,0
DA:48,11
DA:69,18
DA:78,0
DA:79,0
LF:19
LH:9
BRF:0
BRH:0
end_of_record
TN:
SF:src/components/admin/ListPazienteComponent.jsx
FN:7,(anonymous_0)
FN:13,(anonymous_1)
FN:17,getAllPazienti
FN:18,(anonymous_3)
FN:20,(anonymous_4)
FN:25,addNewPaziente
FN:29,updatePaziente
FN:33,visualizzaCartella
FN:37,back2Menu
FN:41,removePaziente
FN:43,(anonymous_10)
FN:45,(anonymous_11)
FN:67,(anonymous_12)
FN:75,(anonymous_13)
FN:76,(anonymous_14)
FN:77,(anonymous_15)
FNF:16
FNH:5
FNDA:9,(anonymous_0)
FNDA:5,(anonymous_1)
FNDA:5,getAllPazienti
FNDA:5,(anonymous_3)
FNDA:0,(anonymous_4)
FNDA:0,addNewPaziente
FNDA:0,updatePaziente
FNDA:0,visualizzaCartella
FNDA:0,back2Menu
FNDA:0,removePaziente
FNDA:0,(anonymous_10)
FNDA:0,(anonymous_11)
FNDA:6,(anonymous_12)
FNDA:0,(anonymous_13)
FNDA:0,(anonymous_14)
FNDA:0,(anonymous_15)
DA:7,1
DA:9,9
DA:11,8
DA:13,8
DA:14,5
DA:18,5
DA:19,5
DA:21,0
DA:26,0
DA:30,0
DA:34,0
DA:38,0
DA:42,0
DA:43,0
DA:44,0
DA:46,0
DA:50,8
DA:68,6
DA:75,0
DA:76,0
DA:77,0
LF:21
LH:9
BRF:0
BRH:0
end_of_record
TN:
SF:src/components/liste/AppuntamentiHr.jsx
FN:10,(anonymous_0)
FN:16,(anonymous_1)
FN:20,getAllAppuntamenti
FN:21,(anonymous_3)
FN:23,(anonymous_4)
FN:28,back2Home
FN:32,addNewAppuntamento
FN:36,removeAppuntamento
FN:37,(anonymous_8)
FN:39,(anonymous_9)
FN:62,(anonymous_10)
FN:71,(anonymous_11)
FNF:12
FNH:10
FNDA:9,(anonymous_0)
FNDA:4,(anonymous_1)
FNDA:5,getAllAppuntamenti
FNDA:5,(anonymous_3)
FNDA:0,(anonymous_4)
FNDA:1,back2Home
FNDA:1,addNewAppuntamento
FNDA:1,removeAppuntamento
FNDA:1,(anonymous_8)
FNDA:0,(anonymous_9)
FNDA:15,(anonymous_10)
FNDA:1,(anonymous_11)
DA:10,1
DA:12,9
DA:14,9
DA:16,9
DA:17,4
DA:21,5
DA:22,5
DA:24,0
DA:29,1
DA:33,1
DA:37,1
DA:38,1
DA:40,0
DA:44,9
DA:63,15
DA:71,1
LF:16
LH:14
BRDA:65,0,0,0
BRDA:65,0,1,15
BRF:2
BRH:1
end_of_record
TN:
SF:src/components/liste/AppuntamentiMedico.jsx
FN:7,(anonymous_0)
FN:15,(anonymous_1)
FN:19,getAllAppuntamentiMedico
FN:20,(anonymous_3)
FN:22,(anonymous_4)
FN:27,visualizzaProfilo
FN:31,scriviRisultato
FN:32,(anonymous_7)
FN:38,(anonymous_8)
FN:54,(anonymous_9)
FN:73,(anonymous_10)
FN:78,(anonymous_11)
FN:83,(anonymous_12)
FNF:13
FNH:7
FNDA:4,(anonymous_0)
FNDA:2,(anonymous_1)
FNDA:2,getAllAppuntamentiMedico
FNDA:2,(anonymous_3)
FNDA:0,(anonymous_4)
FNDA:1,visualizzaProfilo
FNDA:0,scriviRisultato
FNDA:0,(anonymous_7)
FNDA:0,(anonymous_8)
FNDA:1,(anonymous_9)
FNDA:6,(anonymous_10)
FNDA:0,(anonymous_11)
FNDA:0,(anonymous_12)
DA:7,1
DA:9,4
DA:11,4
DA:13,4
DA:15,4
DA:16,2
DA:20,2
DA:21,2
DA:23,0
DA:28,1
DA:32,0
DA:33,0
DA:34,0
DA:36,0
DA:39,0
DA:43,4
DA:54,1
DA:74,6
DA:78,0
DA:83,0
LF:20
LH:12
BRDA:33,0,0,0
BRDA:33,0,1,0
BRF:2
BRH:0
end_of_record
TN:
SF:src/components/liste/AppuntamentiPaziente.jsx
FN:12,(anonymous_0)
FN:20,(anonymous_1)
FN:24,getAllAppuntamentiPaziente
FN:25,(anonymous_3)
FN:27,(anonymous_4)
FN:32,prenotaVisita
FN:36,visualizzaReferti
FN:40,visualizzaProfilo
FN:44,cancellaAppuntamento
FN:45,(anonymous_9)
FN:50,pagaAppuntamento
FN:52,(anonymous_11)
FN:64,(anonymous_12)
FN:65,(anonymous_13)
FN:66,(anonymous_14)
FN:85,(anonymous_15)
FN:90,(anonymous_16)
FN:95,(anonymous_17)
FN:96,(anonymous_18)
FNF:19
FNH:7
FNDA:4,(anonymous_0)
FNDA:2,(anonymous_1)
FNDA:2,getAllAppuntamentiPaziente
FNDA:2,(anonymous_3)
FNDA:0,(anonymous_4)
FNDA:0,prenotaVisita
FNDA:0,visualizzaReferti
FNDA:1,visualizzaProfilo
FNDA:0,cancellaAppuntamento
FNDA:0,(anonymous_9)
FNDA:0,pagaAppuntamento
FNDA:0,(anonymous_11)
FNDA:0,(anonymous_12)
FNDA:0,(anonymous_13)
FNDA:1,(anonymous_14)
FNDA:6,(anonymous_15)
FNDA:0,(anonymous_16)
FNDA:0,(anonymous_17)
FNDA:0,(anonymous_18)
DA:12,1
DA:14,4
DA:16,4
DA:18,4
DA:20,4
DA:21,2
DA:25,2
DA:26,2
DA:28,0
DA:33,0
DA:37,0
DA:41,1
DA:45,0
DA:46,0
DA:51,0
DA:52,0
DA:53,0
DA:57,4
DA:64,0
DA:65,0
DA:66,1
DA:86,6
DA:90,0
DA:95,0
DA:96,0
LF:25
LH:12
BRDA:87,0,0,0
BRDA:87,0,1,6
BRF:2
BRH:1
end_of_record
TN:
SF:src/components/liste/ElencoSlot.jsx
FN:6,(anonymous_0)
FN:14,(anonymous_1)
FN:18,getAllSlots
FN:19,(anonymous_3)
FN:21,(anonymous_4)
FN:26,prenotazione
FN:31,(anonymous_6)
FN:32,(anonymous_7)
FN:44,(anonymous_8)
FN:45,(anonymous_9)
FN:47,(anonymous_10)
FN:50,(anonymous_11)
FN:84,(anonymous_12)
FN:90,(anonymous_13)
FNF:14
FNH:5
FNDA:4,(anonymous_0)
FNDA:2,(anonymous_1)
FNDA:2,getAllSlots
FNDA:2,(anonymous_3)
FNDA:0,(anonymous_4)
FNDA:0,prenotazione
FNDA:0,(anonymous_6)
FNDA:0,(anonymous_7)
FNDA:0,(anonymous_8)
FNDA:0,(anonymous_9)
FNDA:0,(anonymous_10)
FNDA:0,(anonymous_11)
FNDA:1,(anonymous_12)
FNDA:0,(anonymous_13)
DA:6,1
DA:7,4
DA:8,3
DA:10,3
DA:12,3
DA:14,3
DA:15,2
DA:19,2
DA:20,2
DA:22,0
DA:27,0
DA:28,0
DA:29,0
DA:31,0
DA:33,0
DA:35,0
DA:37,0
DA:39,0
DA:43,0
DA:44,0
DA:45,0
DA:46,0
DA:48,0
DA:51,0
DA:56,3
DA:85,1
DA:90,0
LF:27
LH:11
BRF:0
BRH:0
end_of_record
TN:
SF:src/components/liste/MenuVisite.jsx
FN:6,(anonymous_0)
FN:16,(anonymous_1)
FN:21,getAllMedici
FN:22,(anonymous_3)
FN:23,(anonymous_4)
FN:29,(anonymous_5)
FN:34,getAllVisite
FN:35,(anonymous_7)
FN:38,(anonymous_8)
FN:73,(anonymous_9)
FN:80,(anonymous_10)
FNF:11
FNH:6
FNDA:4,(anonymous_0)
FNDA:3,(anonymous_1)
FNDA:3,getAllMedici
FNDA:3,(anonymous_3)
FNDA:0,(anonymous_4)
FNDA:0,(anonymous_5)
FNDA:3,getAllVisite
FNDA:3,(anonymous_7)
FNDA:0,(anonymous_8)
FNDA:0,(anonymous_9)
FNDA:0,(anonymous_10)
DA:6,1
DA:8,4
DA:10,3
DA:12,3
DA:14,3
DA:16,3
DA:17,3
DA:18,3
DA:22,3
DA:23,3
DA:24,0
DA:25,0
DA:27,3
DA:28,3
DA:30,0
DA:35,3
DA:36,3
DA:37,3
DA:39,0
DA:43,3
DA:74,0
DA:80,0
LF:22
LH:16
BRF:0
BRH:0
end_of_record
TN:
SF:src/components/liste/VisualizzaCartella.jsx
FN:6,(anonymous_0)
FN:14,(anonymous_1)
FN:18,getAllReferti
FN:19,(anonymous_3)
FN:21,(anonymous_4)
FN:26,exit
FN:30,backAppuntamenti
FN:49,(anonymous_7)
FNF:8
FNH:4
FNDA:4,(anonymous_0)
FNDA:3,(anonymous_1)
FNDA:3,getAllReferti
FNDA:3,(anonymous_3)
FNDA:0,(anonymous_4)
FNDA:0,exit
FNDA:0,backAppuntamenti
FNDA:0,(anonymous_7)
DA:6,1
DA:8,4
DA:10,3
DA:12,3
DA:14,3
DA:15,3
DA:19,3
DA:20,3
DA:22,0
DA:27,0
DA:31,0
DA:34,3
DA:50,0
LF:13
LH:9
BRF:0
BRH:0
end_of_record
TN:
SF:src/components/liste/VisualizzaCartellaAdmin.jsx
FN:6,(anonymous_0)
FN:14,(anonymous_1)
FN:18,getAllReferti
FN:19,(anonymous_3)
FN:21,(anonymous_4)
FN:26,exit
FN:30,back2pazienti
FN:49,(anonymous_7)
FNF:8
FNH:4
FNDA:4,(anonymous_0)
FNDA:3,(anonymous_1)
FNDA:3,getAllReferti
FNDA:3,(anonymous_3)
FNDA:0,(anonymous_4)
FNDA:0,exit
FNDA:0,back2pazienti
FNDA:0,(anonymous_7)
DA:6,1
DA:8,4
DA:10,3
DA:12,3
DA:14,3
DA:15,3
DA:19,3
DA:20,3
DA:22,0
DA:27,0
DA:31,0
DA:34,3
DA:50,0
LF:13
LH:9
BRF:0
BRH:0
end_of_record
TN:
SF:src/components/liste/VisualizzaCartellaMedico.jsx
FN:6,(anonymous_0)
FN:14,(anonymous_1)
FN:18,getAllReferti
FN:19,(anonymous_3)
FN:21,(anonymous_4)
FN:26,exit
FN:30,backAppuntamenti
FN:49,(anonymous_7)
FNF:8
FNH:4
FNDA:4,(anonymous_0)
FNDA:3,(anonymous_1)
FNDA:3,getAllReferti
FNDA:3,(anonymous_3)
FNDA:0,(anonymous_4)
FNDA:0,exit
FNDA:0,backAppuntamenti
FNDA:0,(anonymous_7)
DA:6,1
DA:8,4
DA:10,3
DA:12,3
DA:14,3
DA:15,3
DA:19,3
DA:20,3
DA:22,0
DA:27,0
DA:31,0
DA:34,3
DA:50,0
LF:13
LH:9
BRF:0
BRH:0
end_of_record
TN:
SF:src/components/login/AdminLogin.jsx
FN:4,AdminLogin
FN:14,validateForm
FN:28,tornaIndietro
FN:32,(anonymous_3)
FN:38,loginAdminEvaluation
FN:54,(anonymous_5)
FN:62,(anonymous_6)
FN:67,(anonymous_7)
FNF:8
FNH:8
FNDA:6,AdminLogin
FNDA:3,validateForm
FNDA:1,tornaIndietro
FNDA:5,(anonymous_3)
FNDA:3,loginAdminEvaluation
FNDA:1,(anonymous_5)
FNDA:1,(anonymous_6)
FNDA:2,(anonymous_7)
DA:6,6
DA:8,6
DA:12,6
DA:15,3
DA:16,3
DA:18,3
DA:19,2
DA:20,2
DA:23,3
DA:25,3
DA:29,1
DA:32,6
DA:33,5
DA:34,0
DA:39,3
DA:41,3
DA:42,1
DA:43,1
DA:48,6
DA:54,1
DA:62,1
DA:67,2
LF:22
LH:21
BRDA:18,0,0,2
BRDA:18,0,1,1
BRDA:33,1,0,0
BRDA:33,1,1,5
BRDA:33,2,0,5
BRDA:33,2,1,0
BRDA:41,3,0,1
BRDA:41,3,1,2
BRDA:42,4,0,1
BRDA:42,4,1,0
BRDA:64,5,0,6
BRDA:64,5,1,4
BRF:12
BRH:9
end_of_record
TN:
SF:src/components/login/HrLogin.jsx
FN:4,HrLogin
FN:14,validateForm
FN:28,tornaIndietro
FN:32,loginHrEvaluation
FN:48,(anonymous_4)
FN:56,(anonymous_5)
FN:61,(anonymous_6)
FNF:7
FNH:7
FNDA:8,HrLogin
FNDA:4,validateForm
FNDA:1,tornaIndietro
FNDA:4,loginHrEvaluation
FNDA:1,(anonymous_4)
FNDA:2,(anonymous_5)
FNDA:3,(anonymous_6)
DA:6,8
DA:8,8
DA:12,8
DA:15,4
DA:16,4
DA:18,4
DA:19,2
DA:20,2
DA:23,4
DA:25,4
DA:29,1
DA:33,4
DA:35,4
DA:36,2
DA:37,1
DA:42,8
DA:48,1
DA:56,2
DA:61,3
LF:19
LH:19
BRDA:18,0,0,2
BRDA:18,0,1,2
BRDA:35,1,0,2
BRDA:35,1,1,2
BRDA:36,2,0,1
BRDA:36,2,1,1
BRDA:58,3,0,8
BRDA:58,3,1,6
BRF:8
BRH:8
end_of_record
TN:
SF:src/components/login/MedicoLogin.jsx
FN:5,MedicoLogin
FN:17,validateForm
FN:36,tornaIndietro
FN:40,loginMedicoEvaluation
FN:44,(anonymous_4)
FN:48,(anonymous_5)
FN:60,(anonymous_6)
FN:68,(anonymous_7)
FN:79,(anonymous_8)
FN:84,(anonymous_9)
FNF:10
FNH:9
FNDA:7,MedicoLogin
FNDA:3,validateForm
FNDA:1,tornaIndietro
FNDA:3,loginMedicoEvaluation
FNDA:1,(anonymous_4)
FNDA:0,(anonymous_5)
FNDA:1,(anonymous_6)
FNDA:1,(anonymous_7)
FNDA:1,(anonymous_8)
FNDA:2,(anonymous_9)
DA:7,7
DA:8,7
DA:10,7
DA:15,7
DA:18,3
DA:19,3
DA:21,3
DA:22,2
DA:23,2
DA:26,3
DA:27,2
DA:28,2
DA:31,3
DA:33,3
DA:37,1
DA:41,3
DA:43,3
DA:44,1
DA:45,1
DA:46,1
DA:49,0
DA:54,7
DA:60,1
DA:68,1
DA:79,1
DA:84,2
LF:26
LH:25
BRDA:21,0,0,2
BRDA:21,0,1,1
BRDA:26,1,0,2
BRDA:26,1,1,1
BRDA:43,2,0,1
BRDA:43,2,1,2
BRDA:45,3,0,1
BRDA:45,3,1,0
BRDA:70,4,0,7
BRDA:70,4,1,5
BRDA:81,5,0,7
BRDA:81,5,1,5
BRF:12
BRH:11
end_of_record
TN:
SF:src/components/login/PazienteLogin.jsx
FN:5,PazienteLogin
FN:17,validateForm
FN:36,tornaIndietro
FN:40,loginPazienteEvaluation
FN:44,(anonymous_4)
FN:48,(anonymous_5)
FN:60,(anonymous_6)
FN:68,(anonymous_7)
FN:79,(anonymous_8)
FN:84,(anonymous_9)
FNF:10
FNH:9
FNDA:7,PazienteLogin
FNDA:3,validateForm
FNDA:1,tornaIndietro
FNDA:3,loginPazienteEvaluation
FNDA:1,(anonymous_4)
FNDA:0,(anonymous_5)
FNDA:1,(anonymous_6)
FNDA:1,(anonymous_7)
FNDA:1,(anonymous_8)
FNDA:2,(anonymous_9)
DA:7,7
DA:8,7
DA:10,7
DA:15,7
DA:18,3
DA:19,3
DA:21,3
DA:22,2
DA:23,2
DA:26,3
DA:27,2
DA:28,2
DA:31,3
DA:33,3
DA:37,1
DA:41,3
DA:43,3
DA:44,1
DA:45,1
DA:46,1
DA:49,0
DA:54,7
DA:60,1
DA:68,1
DA:79,1
DA:84,2
LF:26
LH:25
BRDA:21,0,0,2
BRDA:21,0,1,1
BRDA:26,1,0,2
BRDA:26,1,1,1
BRDA:43,2,0,1
BRDA:43,2,1,2
BRDA:45,3,0,1
BRDA:45,3,1,0
BRDA:70,4,0,7
BRDA:70,4,1,5
BRDA:81,5,0,7
BRDA:81,5,1,5
BRF:12
BRH:11
end_of_record
TN:
SF:src/components/viste/AppuntamentoForm.jsx
FN:10,AppuntamentoForm
FN:30,(anonymous_1)
FN:32,(anonymous_2)
FN:38,(anonymous_3)
FN:44,saveOrUpdateAppuntamento
FN:51,(anonymous_5)
FN:52,(anonymous_6)
FN:59,validateForm
FN:100,pageTitle
FN:109,tornaIndietro
FN:132,(anonymous_10)
FN:147,(anonymous_11)
FN:162,(anonymous_12)
FN:177,(anonymous_13)
FNF:14
FNH:10
FNDA:9,AppuntamentoForm
FNDA:3,(anonymous_1)
FNDA:0,(anonymous_2)
FNDA:0,(anonymous_3)
FNDA:2,saveOrUpdateAppuntamento
FNDA:1,(anonymous_5)
FNDA:0,(anonymous_6)
FNDA:2,validateForm
FNDA:9,pageTitle
FNDA:0,tornaIndietro
FNDA:1,(anonymous_10)
FNDA:1,(anonymous_11)
FNDA:1,(anonymous_12)
FNDA:1,(anonymous_13)
DA:12,9
DA:13,9
DA:14,9
DA:15,9
DA:16,9
DA:18,9
DA:20,9
DA:28,9
DA:30,9
DA:31,3
DA:32,0
DA:33,0
DA:34,0
DA:35,0
DA:36,0
DA:37,0
DA:39,0
DA:45,2
DA:47,2
DA:48,1
DA:50,1
DA:51,1
DA:53,0
DA:55,1
DA:60,2
DA:61,2
DA:63,2
DA:64,1
DA:67,1
DA:68,1
DA:71,2
DA:72,1
DA:75,1
DA:76,1
DA:79,2
DA:80,1
DA:83,1
DA:84,1
DA:87,2
DA:88,1
DA:91,1
DA:92,1
DA:95,2
DA:97,2
DA:101,9
DA:102,0
DA:105,9
DA:110,0
DA:113,9
DA:132,1
DA:147,1
DA:162,1
DA:177,1
LF:53
LH:43
BRDA:31,0,0,0
BRDA:31,0,1,3
BRDA:47,1,0,1
BRDA:47,1,1,1
BRDA:63,2,0,1
BRDA:63,2,1,1
BRDA:71,3,0,1
BRDA:71,3,1,1
BRDA:79,4,0,1
BRDA:79,4,1,1
BRDA:87,5,0,1
BRDA:87,5,1,1
BRDA:101,6,0,0
BRDA:101,6,1,9
BRDA:131,7,0,1
BRDA:131,7,1,8
BRDA:135,8,0,9
BRDA:135,8,1,1
BRDA:146,9,0,1
BRDA:146,9,1,8
BRDA:150,10,0,9
BRDA:150,10,1,1
BRDA:161,11,0,1
BRDA:161,11,1,8
BRDA:165,12,0,9
BRDA:165,12,1,1
BRDA:176,13,0,1
BRDA:176,13,1,8
BRDA:180,14,0,9
BRDA:180,14,1,1
BRF:30
BRH:28
end_of_record
TN:
SF:src/components/viste/ProfiloMedico.jsx
FN:5,ProfiloMedico
FN:31,(anonymous_1)
FN:33,(anonymous_2)
FN:42,(anonymous_3)
FN:48,saveOrUpdateMedico
FN:53,(anonymous_5)
FN:55,(anonymous_6)
FN:60,(anonymous_7)
FN:62,(anonymous_8)
FN:70,validateForm
FN:123,pageTitle
FN:132,tornaIndietro
FN:155,(anonymous_12)
FN:170,(anonymous_13)
FN:185,(anonymous_14)
FN:200,(anonymous_15)
FN:215,(anonymous_16)
FN:230,(anonymous_17)
FN:245,(anonymous_18)
FN:260,(anonymous_19)
FNF:20
FNH:16
FNDA:14,ProfiloMedico
FNDA:4,(anonymous_1)
FNDA:2,(anonymous_2)
FNDA:0,(anonymous_3)
FNDA:2,saveOrUpdateMedico
FNDA:1,(anonymous_5)
FNDA:0,(anonymous_6)
FNDA:1,(anonymous_7)
FNDA:0,(anonymous_8)
FNDA:2,validateForm
FNDA:14,pageTitle
FNDA:0,tornaIndietro
FNDA:1,(anonymous_12)
FNDA:1,(anonymous_13)
FNDA:1,(anonymous_14)
FNDA:1,(anonymous_15)
FNDA:1,(anonymous_16)
FNDA:1,(anonymous_17)
FNDA:1,(anonymous_18)
FNDA:1,(anonymous_19)
DA:6,14
DA:8,14
DA:9,14
DA:10,14
DA:11,14
DA:12,14
DA:13,14
DA:14,14
DA:15,14
DA:17,14
DA:19,14
DA:29,14
DA:31,14
DA:32,4
DA:33,2
DA:34,2
DA:35,2
DA:36,2
DA:37,2
DA:38,2
DA:39,2
DA:40,2
DA:41,2
DA:43,0
DA:49,2
DA:50,2
DA:51,2
DA:52,2
DA:53,1
DA:54,1
DA:56,0
DA:60,1
DA:61,1
DA:63,0
DA:66,2
DA:71,2
DA:72,2
DA:74,2
DA:75,2
DA:78,0
DA:79,0
DA:82,2
DA:83,2
DA:86,0
DA:87,0
DA:90,2
DA:91,2
DA:93,0
DA:94,0
DA:97,2
DA:98,2
DA:100,0
DA:101,0
DA:104,2
DA:105,2
DA:107,0
DA:108,0
DA:111,2
DA:112,2
DA:114,0
DA:115,0
DA:118,2
DA:120,2
DA:124,14
DA:125,4
DA:128,10
DA:133,0
DA:136,14
DA:155,1
DA:170,1
DA:185,1
DA:200,1
DA:215,1
DA:230,1
DA:245,1
DA:260,1
LF:76
LH:60
BRDA:32,0,0,2
BRDA:32,0,1,2
BRDA:50,1,0,2
BRDA:50,1,1,0
BRDA:52,2,0,1
BRDA:52,2,1,1
BRDA:74,3,0,2
BRDA:74,3,1,0
BRDA:82,4,0,2
BRDA:82,4,1,0
BRDA:90,5,0,2
BRDA:90,5,1,0
BRDA:97,6,0,2
BRDA:97,6,1,0
BRDA:104,7,0,2
BRDA:104,7,1,0
BRDA:111,8,0,2
BRDA:111,8,1,0
BRDA:124,9,0,4
BRDA:124,9,1,10
BRDA:154,10,0,0
BRDA:154,10,1,14
BRDA:158,11,0,14
BRDA:158,11,1,0
BRDA:169,12,0,0
BRDA:169,12,1,14
BRDA:173,13,0,14
BRDA:173,13,1,0
BRDA:184,14,0,0
BRDA:184,14,1,14
BRDA:188,15,0,14
BRDA:188,15,1,0
BRDA:199,16,0,0
BRDA:199,16,1,14
BRDA:203,17,0,14
BRDA:203,17,1,0
BRDA:214,18,0,0
BRDA:214,18,1,14
BRDA:218,19,0,14
BRDA:218,19,1,0
BRDA:229,20,0,0
BRDA:229,20,1,14
BRDA:233,21,0,14
BRDA:233,21,1,0
BRDA:244,22,0,0
BRDA:244,22,1,14
BRDA:248,23,0,14
BRDA:248,23,1,0
BRDA:259,24,0,0
BRDA:259,24,1,14
BRDA:263,25,0,14
BRDA:263,25,1,0
BRF:52
BRH:29
end_of_record
TN:
SF:src/components/viste/ProfiloMedicoAdmin.jsx
FN:5,ProfiloMedico
FN:29,(anonymous_1)
FN:31,(anonymous_2)
FN:40,(anonymous_3)
FN:46,saveOrUpdateMedico
FN:51,(anonymous_5)
FN:53,(anonymous_6)
FN:58,(anonymous_7)
FN:60,(anonymous_8)
FN:69,validateForm
FN:122,pageTitle
FN:131,tornaIndietro
FN:154,(anonymous_12)
FN:169,(anonymous_13)
FN:184,(anonymous_14)
FN:199,(anonymous_15)
FN:214,(anonymous_16)
FN:229,(anonymous_17)
FN:244,(anonymous_18)
FN:259,(anonymous_19)
FNF:20
FNH:16
FNDA:14,ProfiloMedico
FNDA:4,(anonymous_1)
FNDA:2,(anonymous_2)
FNDA:0,(anonymous_3)
FNDA:2,saveOrUpdateMedico
FNDA:1,(anonymous_5)
FNDA:0,(anonymous_6)
FNDA:1,(anonymous_7)
FNDA:0,(anonymous_8)
FNDA:2,validateForm
FNDA:14,pageTitle
FNDA:0,tornaIndietro
FNDA:1,(anonymous_12)
FNDA:1,(anonymous_13)
FNDA:1,(anonymous_14)
FNDA:1,(anonymous_15)
FNDA:1,(anonymous_16)
FNDA:1,(anonymous_17)
FNDA:1,(anonymous_18)
FNDA:1,(anonymous_19)
DA:6,14
DA:7,14
DA:8,14
DA:9,14
DA:10,14
DA:11,14
DA:12,14
DA:13,14
DA:15,14
DA:17,14
DA:27,14
DA:29,14
DA:30,4
DA:31,2
DA:32,2
DA:33,2
DA:34,2
DA:35,2
DA:36,2
DA:37,2
DA:38,2
DA:39,2
DA:41,0
DA:47,2
DA:48,2
DA:49,2
DA:50,2
DA:51,1
DA:52,1
DA:54,0
DA:58,1
DA:59,1
DA:61,0
DA:66,2
DA:70,2
DA:71,2
DA:73,2
DA:74,2
DA:77,0
DA:78,0
DA:81,2
DA:82,2
DA:85,0
DA:86,0
DA:89,2
DA:90,2
DA:92,0
DA:93,0
DA:96,2
DA:97,2
DA:99,0
DA:100,0
DA:103,2
DA:104,2
DA:106,0
DA:107,0
DA:110,2
DA:111,2
DA:113,0
DA:114,0
DA:117,2
DA:119,2
DA:123,14
DA:124,4
DA:127,10
DA:132,0
DA:135,14
DA:154,1
DA:169,1
DA:184,1
DA:199,1
DA:214,1
DA:229,1
DA:244,1
DA:259,1
LF:75
LH:59
BRDA:30,0,0,2
BRDA:30,0,1,2
BRDA:48,1,0,2
BRDA:48,1,1,0
BRDA:50,2,0,1
BRDA:50,2,1,1
BRDA:73,3,0,2
BRDA:73,3,1,0
BRDA:81,4,0,2
BRDA:81,4,1,0
BRDA:89,5,0,2
BRDA:89,5,1,0
BRDA:96,6,0,2
BRDA:96,6,1,0
BRDA:103,7,0,2
BRDA:103,7,1,0
BRDA:110,8,0,2
BRDA:110,8,1,0
BRDA:123,9,0,4
BRDA:123,9,1,10
BRDA:153,10,0,0
BRDA:153,10,1,14
BRDA:157,11,0,14
BRDA:157,11,1,0
BRDA:168,12,0,0
BRDA:168,12,1,14
BRDA:172,13,0,14
BRDA:172,13,1,0
BRDA:183,14,0,0
BRDA:183,14,1,14
BRDA:187,15,0,14
BRDA:187,15,1,0
BRDA:198,16,0,0
BRDA:198,16,1,14
BRDA:202,17,0,14
BRDA:202,17,1,0
BRDA:213,18,0,0
BRDA:213,18,1,14
BRDA:217,19,0,14
BRDA:217,19,1,0
BRDA:228,20,0,0
BRDA:228,20,1,14
BRDA:232,21,0,14
BRDA:232,21,1,0
BRDA:243,22,0,0
BRDA:243,22,1,14
BRDA:247,23,0,14
BRDA:247,23,1,0
BRDA:258,24,0,0
BRDA:258,24,1,14
BRDA:262,25,0,14
BRDA:262,25,1,0
BRF:52
BRH:29
end_of_record
TN:
SF:src/components/viste/ProfiloUtente.jsx
FN:5,ProfiloUtente
FN:26,(anonymous_1)
FN:28,(anonymous_2)
FN:35,(anonymous_3)
FN:41,saveOrUpdatePaziente
FN:47,(anonymous_5)
FN:49,(anonymous_6)
FN:54,(anonymous_7)
FN:56,(anonymous_8)
FN:64,validateForm
FN:118,pageTitle
FN:127,tornaIndietro
FN:150,(anonymous_12)
FN:165,(anonymous_13)
FN:180,(anonymous_14)
FN:195,(anonymous_15)
FN:210,(anonymous_16)
FN:225,(anonymous_17)
FNF:18
FNH:14
FNDA:14,ProfiloUtente
FNDA:4,(anonymous_1)
FNDA:2,(anonymous_2)
FNDA:0,(anonymous_3)
FNDA:2,saveOrUpdatePaziente
FNDA:1,(anonymous_5)
FNDA:0,(anonymous_6)
FNDA:1,(anonymous_7)
FNDA:0,(anonymous_8)
FNDA:2,validateForm
FNDA:14,pageTitle
FNDA:0,tornaIndietro
FNDA:1,(anonymous_12)
FNDA:1,(anonymous_13)
FNDA:1,(anonymous_14)
FNDA:1,(anonymous_15)
FNDA:1,(anonymous_16)
FNDA:1,(anonymous_17)
DA:6,14
DA:7,14
DA:8,14
DA:9,14
DA:10,14
DA:11,14
DA:13,14
DA:15,14
DA:24,14
DA:26,14
DA:27,4
DA:28,2
DA:29,2
DA:30,2
DA:31,2
DA:32,2
DA:33,2
DA:34,2
DA:36,0
DA:42,2
DA:43,2
DA:45,2
DA:46,2
DA:47,1
DA:48,1
DA:50,0
DA:54,1
DA:55,1
DA:57,0
DA:65,2
DA:66,2
DA:68,2
DA:69,2
DA:72,0
DA:73,0
DA:76,2
DA:77,2
DA:80,0
DA:81,0
DA:84,2
DA:85,2
DA:88,0
DA:89,0
DA:92,2
DA:93,2
DA:95,0
DA:96,0
DA:99,2
DA:100,2
DA:102,0
DA:103,0
DA:106,2
DA:107,2
DA:109,0
DA:110,0
DA:113,2
DA:115,2
DA:119,14
DA:120,5
DA:123,9
DA:128,0
DA:131,14
DA:150,1
DA:165,1
DA:180,1
DA:195,1
DA:210,1
DA:225,1
LF:68
LH:52
BRDA:27,0,0,2
BRDA:27,0,1,2
BRDA:43,1,0,2
BRDA:43,1,1,0
BRDA:46,2,0,1
BRDA:46,2,1,1
BRDA:68,3,0,2
BRDA:68,3,1,0
BRDA:76,4,0,2
BRDA:76,4,1,0
BRDA:84,5,0,2
BRDA:84,5,1,0
BRDA:92,6,0,2
BRDA:92,6,1,0
BRDA:99,7,0,2
BRDA:99,7,1,0
BRDA:106,8,0,2
BRDA:106,8,1,0
BRDA:119,9,0,5
BRDA:119,9,1,9
BRDA:149,10,0,0
BRDA:149,10,1,14
BRDA:153,11,0,14
BRDA:153,11,1,0
BRDA:164,12,0,0
BRDA:164,12,1,14
BRDA:168,13,0,14
BRDA:168,13,1,0
BRDA:179,14,0,0
BRDA:179,14,1,14
BRDA:183,15,0,14
BRDA:183,15,1,0
BRDA:194,16,0,0
BRDA:194,16,1,14
BRDA:198,17,0,14
BRDA:198,17,1,0
BRDA:209,18,0,0
BRDA:209,18,1,14
BRDA:213,19,0,14
BRDA:213,19,1,0
BRDA:224,20,0,0
BRDA:224,20,1,14
BRDA:227,21,0,14
BRDA:227,21,1,0
BRF:44
BRH:25
end_of_record
TN:
SF:src/components/viste/ProfiloUtenteAdmin.jsx
FN:5,ProfiloUtenteAdmin
FN:26,(anonymous_1)
FN:28,(anonymous_2)
FN:35,(anonymous_3)
FN:41,saveOrUpdatePaziente
FN:47,(anonymous_5)
FN:49,(anonymous_6)
FN:54,(anonymous_7)
FN:57,(anonymous_8)
FN:66,validateForm
FN:120,pageTitle
FN:129,tornaIndietro
FN:152,(anonymous_12)
FN:167,(anonymous_13)
FN:182,(anonymous_14)
FN:197,(anonymous_15)
FN:212,(anonymous_16)
FN:227,(anonymous_17)
FNF:18
FNH:14
FNDA:12,ProfiloUtenteAdmin
FNDA:4,(anonymous_1)
FNDA:2,(anonymous_2)
FNDA:0,(anonymous_3)
FNDA:2,saveOrUpdatePaziente
FNDA:1,(anonymous_5)
FNDA:0,(anonymous_6)
FNDA:1,(anonymous_7)
FNDA:0,(anonymous_8)
FNDA:2,validateForm
FNDA:12,pageTitle
FNDA:0,tornaIndietro
FNDA:1,(anonymous_12)
FNDA:1,(anonymous_13)
FNDA:1,(anonymous_14)
FNDA:1,(anonymous_15)
FNDA:1,(anonymous_16)
FNDA:1,(anonymous_17)
DA:6,12
DA:7,12
DA:8,12
DA:9,12
DA:10,12
DA:11,12
DA:13,12
DA:15,12
DA:24,12
DA:26,12
DA:27,4
DA:28,2
DA:29,2
DA:30,2
DA:31,2
DA:32,2
DA:33,2
DA:34,2
DA:36,0
DA:42,2
DA:43,2
DA:45,2
DA:46,2
DA:47,1
DA:48,1
DA:50,0
DA:54,1
DA:55,1
DA:56,1
DA:58,0
DA:63,2
DA:67,2
DA:68,2
DA:70,2
DA:71,2
DA:74,0
DA:75,0
DA:78,2
DA:79,2
DA:82,0
DA:83,0
DA:86,2
DA:87,2
DA:90,0
DA:91,0
DA:94,2
DA:95,2
DA:97,0
DA:98,0
DA:101,2
DA:102,2
DA:104,0
DA:105,0
DA:108,2
DA:109,2
DA:111,0
DA:112,0
DA:115,2
DA:117,2
DA:121,12
DA:122,4
DA:125,8
DA:130,0
DA:133,12
DA:152,1
DA:167,1
DA:182,1
DA:197,1
DA:212,1
DA:227,1
LF:70
LH:54
BRDA:27,0,0,2
BRDA:27,0,1,2
BRDA:43,1,0,2
BRDA:43,1,1,0
BRDA:46,2,0,1
BRDA:46,2,1,1
BRDA:70,3,0,2
BRDA:70,3,1,0
BRDA:78,4,0,2
BRDA:78,4,1,0
BRDA:86,5,0,2
BRDA:86,5,1,0
BRDA:94,6,0,2
BRDA:94,6,1,0
BRDA:101,7,0,2
BRDA:101,7,1,0
BRDA:108,8,0,2
BRDA:108,8,1,0
BRDA:121,9,0,4
BRDA:121,9,1,8
BRDA:151,10,0,0
BRDA:151,10,1,12
BRDA:155,11,0,12
BRDA:155,11,1,0
BRDA:166,12,0,0
BRDA:166,12,1,12
BRDA:170,13,0,12
BRDA:170,13,1,0
BRDA:181,14,0,0
BRDA:181,14,1,12
BRDA:185,15,0,12
BRDA:185,15,1,0
BRDA:196,16,0,0
BRDA:196,16,1,12
BRDA:200,17,0,12
BRDA:200,17,1,0
BRDA:211,18,0,0
BRDA:211,18,1,12
BRDA:215,19,0,12
BRDA:215,19,1,0
BRDA:226,20,0,0
BRDA:226,20,1,12
BRDA:229,21,0,12
BRDA:229,21,1,0
BRF:44
BRH:25
end_of_record
TN:
SF:src/components/viste/RisultatoForm.jsx
FN:5,RisultatoForm
FN:20,(anonymous_1)
FN:22,(anonymous_2)
FN:27,(anonymous_3)
FN:33,saveRisultato
FN:40,(anonymous_5)
FN:42,(anonymous_6)
FN:47,(anonymous_7)
FN:48,(anonymous_8)
FN:56,validateForm
FN:81,tornaIndietro
FN:94,(anonymous_11)
FN:99,(anonymous_12)
FNF:13
FNH:7
FNDA:7,RisultatoForm
FNDA:3,(anonymous_1)
FNDA:0,(anonymous_2)
FNDA:0,(anonymous_3)
FNDA:2,saveRisultato
FNDA:0,(anonymous_5)
FNDA:0,(anonymous_6)
FNDA:1,(anonymous_7)
FNDA:0,(anonymous_8)
FNDA:2,validateForm
FNDA:0,tornaIndietro
FNDA:1,(anonymous_11)
FNDA:1,(anonymous_12)
DA:7,7
DA:9,7
DA:10,7
DA:11,7
DA:13,7
DA:18,7
DA:20,7
DA:21,3
DA:22,0
DA:23,0
DA:24,0
DA:25,0
DA:28,0
DA:34,2
DA:36,2
DA:37,1
DA:39,1
DA:40,0
DA:43,0
DA:47,1
DA:49,0
DA:52,1
DA:57,2
DA:58,2
DA:60,2
DA:61,1
DA:64,1
DA:65,1
DA:68,2
DA:69,1
DA:72,1
DA:73,1
DA:76,2
DA:78,2
DA:82,0
DA:85,7
DA:94,1
DA:99,1
LF:38
LH:29
BRDA:21,0,0,0
BRDA:21,0,1,3
BRDA:36,1,0,1
BRDA:36,1,1,1
BRDA:39,2,0,0
BRDA:39,2,1,1
BRDA:60,3,0,1
BRDA:60,3,1,1
BRDA:68,4,0,1
BRDA:68,4,1,1
BRDA:96,5,0,7
BRDA:96,5,1,1
BRDA:101,6,0,7
BRDA:101,6,1,1
BRF:14
BRH:12
end_of_record
TN:
SF:src/services/AppuntamentiService.jsx
FN:5,(anonymous_0)
FN:7,(anonymous_1)
FN:9,(anonymous_2)
FN:11,(anonymous_3)
FN:13,(anonymous_4)
FN:15,(anonymous_5)
FN:17,(anonymous_6)
FNF:7
FNH:0
FNDA:0,(anonymous_0)
FNDA:0,(anonymous_1)
FNDA:0,(anonymous_2)
FNDA:0,(anonymous_3)
FNDA:0,(anonymous_4)
FNDA:0,(anonymous_5)
FNDA:0,(anonymous_6)
DA:3,5
DA:5,5
DA:7,5
DA:9,5
DA:11,5
DA:13,5
DA:15,5
DA:17,5
LF:8
LH:8
BRF:0
BRH:0
end_of_record
TN:
SF:src/services/RefertoService.jsx
FN:5,(anonymous_0)
FN:7,(anonymous_1)
FN:9,(anonymous_2)
FN:11,(anonymous_3)
FN:13,(anonymous_4)
FN:15,(anonymous_5)
FN:17,(anonymous_6)
FNF:7
FNH:0
FNDA:0,(anonymous_0)
FNDA:0,(anonymous_1)
FNDA:0,(anonymous_2)
FNDA:0,(anonymous_3)
FNDA:0,(anonymous_4)
FNDA:0,(anonymous_5)
FNDA:0,(anonymous_6)
DA:3,1
DA:5,1
DA:7,1
DA:9,1
DA:11,1
DA:13,1
DA:15,1
DA:17,1
LF:8
LH:8
BRF:0
BRH:0
end_of_record
TN:
SF:src/services/SlotService.jsx
FN:5,(anonymous_0)
FN:7,(anonymous_1)
FN:9,(anonymous_2)
FN:11,(anonymous_3)
FN:13,(anonymous_4)
FN:15,(anonymous_5)
FNF:6
FNH:0
FNDA:0,(anonymous_0)
FNDA:0,(anonymous_1)
FNDA:0,(anonymous_2)
FNDA:0,(anonymous_3)
FNDA:0,(anonymous_4)
FNDA:0,(anonymous_5)
DA:3,2
DA:5,2
DA:7,2
DA:9,2
DA:11,2
DA:13,2
DA:15,2
LF:7
LH:7
BRF:0
BRH:0
end_of_record
TN:
SF:src/services/VisiteService.jsx
FN:5,(anonymous_0)
FN:7,(anonymous_1)
FN:9,(anonymous_2)
FN:11,(anonymous_3)
FN:13,(anonymous_4)
FNF:5
FNH:0
FNDA:0,(anonymous_0)
FNDA:0,(anonymous_1)
FNDA:0,(anonymous_2)
FNDA:0,(anonymous_3)
FNDA:0,(anonymous_4)
DA:3,1
DA:5,1
DA:7,1
DA:9,1
DA:11,1
DA:13,1
LF:6
LH:6
BRF:0
BRH:0
end_of_record
